<?xml version="1.0" encoding="UTF-8"?>
<coverage generated="1674400679707" clover="3.2.0">
  <project timestamp="1674400679708" name="All files">
    <metrics statements="185" coveredstatements="178" conditionals="105" coveredconditionals="93" methods="34" coveredmethods="34" elements="324" coveredelements="305" complexity="0" loc="185" ncloc="185" packages="1" files="1" classes="1"/>
    <file name="parsemath.js" path="C:\Dev\JS\parsemath\parsemath.js">
      <metrics statements="185" coveredstatements="178" conditionals="105" coveredconditionals="93" methods="34" coveredmethods="34"/>
      <line num="3" count="246" type="stmt"/>
      <line num="4" count="246" type="stmt"/>
      <line num="5" count="246" type="stmt"/>
      <line num="9" count="1630" type="stmt"/>
      <line num="13" count="707" type="stmt"/>
      <line num="14" count="707" type="stmt"/>
      <line num="18" count="707" type="cond" truecount="1" falsecount="1"/>
      <line num="19" count="707" type="stmt"/>
      <line num="20" count="707" type="cond" truecount="2" falsecount="0"/>
      <line num="22" count="625" type="stmt"/>
      <line num="23" count="625" type="stmt"/>
      <line num="24" count="625" type="stmt"/>
      <line num="27" count="0" type="stmt"/>
      <line num="32" count="487" type="cond" truecount="1" falsecount="1"/>
      <line num="33" count="487" type="cond" truecount="1" falsecount="1"/>
      <line num="34" count="487" type="stmt"/>
      <line num="36" count="0" type="stmt"/>
      <line num="41" count="113" type="stmt"/>
      <line num="46" count="1" type="stmt"/>
      <line num="54" count="1" type="stmt"/>
      <line num="61" count="647" type="stmt"/>
      <line num="62" count="1130" type="stmt"/>
      <line num="63" count="294" type="stmt"/>
      <line num="64" count="667" type="cond" truecount="2" falsecount="0"/>
      <line num="66" count="1" type="stmt"/>
      <line num="67" count="1" type="stmt"/>
      <line num="71" count="1" type="stmt"/>
      <line num="73" count="1" type="stmt"/>
      <line num="74" count="19" type="stmt"/>
      <line num="75" count="49" type="stmt"/>
      <line num="76" count="2" type="stmt"/>
      <line num="77" count="30" type="stmt"/>
      <line num="78" count="13" type="stmt"/>
      <line num="79" count="2" type="stmt"/>
      <line num="80" count="4" type="stmt"/>
      <line num="81" count="2" type="stmt"/>
      <line num="82" count="1" type="stmt"/>
      <line num="83" count="2" type="stmt"/>
      <line num="84" count="1" type="stmt"/>
      <line num="85" count="1" type="stmt"/>
      <line num="86" count="1" type="stmt"/>
      <line num="87" count="1" type="stmt"/>
      <line num="88" count="1" type="stmt"/>
      <line num="91" count="1" type="cond" truecount="1" falsecount="0"/>
      <line num="92" count="129" type="stmt"/>
      <line num="93" count="129" type="cond" truecount="1" falsecount="1"/>
      <line num="94" count="0" type="stmt"/>
      <line num="98" count="1" type="stmt"/>
      <line num="99" count="48" type="stmt"/>
      <line num="100" count="48" type="cond" truecount="2" falsecount="0"/>
      <line num="101" count="16" type="stmt"/>
      <line num="103" count="32" type="cond" truecount="1" falsecount="1"/>
      <line num="104" count="0" type="stmt"/>
      <line num="106" count="32" type="stmt"/>
      <line num="107" count="32" type="stmt"/>
      <line num="108" count="32" type="stmt"/>
      <line num="110" count="32" type="stmt"/>
      <line num="111" count="126" type="cond" truecount="2" falsecount="0"/>
      <line num="112" count="94" type="stmt"/>
      <line num="114" count="94" type="cond" truecount="1" falsecount="1"/>
      <line num="116" count="0" type="stmt"/>
      <line num="118" count="94" type="stmt"/>
      <line num="121" count="32" type="stmt"/>
      <line num="125" count="32" type="stmt"/>
      <line num="130" count="1" type="stmt"/>
      <line num="131" count="73" type="stmt"/>
      <line num="133" count="73" type="stmt"/>
      <line num="134" count="73" type="stmt"/>
      <line num="135" count="73" type="stmt"/>
      <line num="137" count="73" type="cond" truecount="2" falsecount="0"/>
      <line num="138" count="38" type="stmt"/>
      <line num="139" count="38" type="cond" truecount="2" falsecount="0"/>
      <line num="140" count="32" type="stmt"/>
      <line num="141" count="32" type="cond" truecount="1" falsecount="1"/>
      <line num="142" count="0" type="stmt"/>
      <line num="143" count="32" type="stmt"/>
      <line num="145" count="6" type="stmt"/>
      <line num="149" count="41" type="stmt"/>
      <line num="150" count="41" type="stmt"/>
      <line num="151" count="41" type="stmt"/>
      <line num="153" count="41" type="cond" truecount="2" falsecount="0"/>
      <line num="154" count="82" type="stmt"/>
      <line num="155" count="82" type="cond" truecount="2" falsecount="0"/>
      <line num="156" count="33" type="stmt"/>
      <line num="158" count="49" type="stmt"/>
      <line num="162" count="41" type="cond" truecount="2" falsecount="0"/>
      <line num="164" count="9" type="stmt"/>
      <line num="166" count="32" type="stmt"/>
      <line num="170" count="1" type="stmt"/>
      <line num="171" count="39" type="stmt"/>
      <line num="172" count="39" type="stmt"/>
      <line num="173" count="39" type="stmt"/>
      <line num="174" count="39" type="stmt"/>
      <line num="175" count="39" type="stmt"/>
      <line num="177" count="39" type="stmt"/>
      <line num="178" count="635" type="stmt"/>
      <line num="180" count="635" type="cond" truecount="2" falsecount="0"/>
      <line num="181" count="122" type="stmt"/>
      <line num="183" count="122" type="cond" truecount="4" falsecount="0"/>
      <line num="184" count="43" type="stmt"/>
      <line num="185" count="43" type="stmt"/>
      <line num="186" count="79" type="cond" truecount="5" falsecount="0"/>
      <line num="187" count="39" type="stmt"/>
      <line num="190" count="122" type="stmt"/>
      <line num="194" count="39" type="stmt"/>
      <line num="195" count="39" type="stmt"/>
      <line num="197" count="39" type="stmt"/>
      <line num="198" count="39" type="stmt"/>
      <line num="200" count="39" type="cond" truecount="5" falsecount="0"/>
      <line num="202" count="7" type="stmt"/>
      <line num="203" count="32" type="cond" truecount="2" falsecount="0"/>
      <line num="205" count="16" type="stmt"/>
      <line num="207" count="16" type="stmt"/>
      <line num="208" count="16" type="stmt"/>
      <line num="211" count="39" type="cond" truecount="1" falsecount="1"/>
      <line num="213" count="0" type="stmt"/>
      <line num="214" count="39" type="cond" truecount="2" falsecount="0"/>
      <line num="216" count="6" type="stmt"/>
      <line num="219" count="39" type="stmt"/>
      <line num="221" count="39" type="stmt"/>
      <line num="224" count="121" type="stmt"/>
      <line num="228" count="82" type="stmt"/>
      <line num="231" count="82" type="cond" truecount="2" falsecount="0"/>
      <line num="232" count="79" type="cond" truecount="1" falsecount="1"/>
      <line num="233" count="79" type="stmt"/>
      <line num="236" count="82" type="cond" truecount="4" falsecount="0"/>
      <line num="237" count="12" type="stmt"/>
      <line num="238" count="20" type="stmt"/>
      <line num="239" count="20" type="cond" truecount="4" falsecount="0"/>
      <line num="240" count="1" type="stmt"/>
      <line num="242" count="20" type="stmt"/>
      <line num="246" count="82" type="stmt"/>
      <line num="247" count="39" type="stmt"/>
      <line num="250" count="82" type="stmt"/>
      <line num="252" count="82" type="stmt"/>
      <line num="253" count="82" type="stmt"/>
      <line num="254" count="82" type="stmt"/>
      <line num="256" count="82" type="stmt"/>
      <line num="258" count="82" type="stmt"/>
      <line num="259" count="647" type="cond" truecount="1" falsecount="1"/>
      <line num="260" count="647" type="cond" truecount="2" falsecount="0"/>
      <line num="261" count="101" type="cond" truecount="4" falsecount="0"/>
      <line num="263" count="11" type="stmt"/>
      <line num="264" count="11" type="stmt"/>
      <line num="267" count="90" type="stmt"/>
      <line num="268" count="90" type="stmt"/>
      <line num="270" count="546" type="cond" truecount="2" falsecount="0"/>
      <line num="272" count="477" type="cond" truecount="5" falsecount="0"/>
      <line num="274" count="320" type="stmt"/>
      <line num="275" count="157" type="cond" truecount="7" falsecount="0"/>
      <line num="277" count="37" type="stmt"/>
      <line num="279" count="37" type="stmt"/>
      <line num="280" count="37" type="stmt"/>
      <line num="281" count="399" type="stmt"/>
      <line num="284" count="37" type="stmt"/>
      <line num="286" count="120" type="stmt"/>
      <line num="289" count="477" type="stmt"/>
      <line num="290" count="69" type="cond" truecount="2" falsecount="0"/>
      <line num="291" count="31" type="stmt"/>
      <line num="292" count="38" type="cond" truecount="3" falsecount="1"/>
      <line num="295" count="38" type="cond" truecount="4" falsecount="0"/>
      <line num="297" count="23" type="stmt"/>
      <line num="300" count="38" type="stmt"/>
      <line num="301" count="38" type="stmt"/>
      <line num="302" count="38" type="stmt"/>
      <line num="307" count="82" type="stmt"/>
      <line num="308" count="113" type="stmt"/>
      <line num="309" count="113" type="stmt"/>
      <line num="310" count="113" type="stmt"/>
      <line num="311" count="113" type="stmt"/>
      <line num="313" count="113" type="stmt"/>
      <line num="314" count="261" type="stmt"/>
      <line num="315" count="261" type="stmt"/>
      <line num="317" count="261" type="cond" truecount="2" falsecount="0"/>
      <line num="318" count="149" type="stmt"/>
      <line num="319" count="149" type="stmt"/>
      <line num="320" count="149" type="stmt"/>
      <line num="321" count="149" type="stmt"/>
      <line num="325" count="113" type="stmt"/>
      <line num="326" count="113" type="stmt"/>
      <line num="327" count="113" type="stmt"/>
      <line num="328" count="113" type="stmt"/>
      <line num="331" count="82" type="stmt"/>
      <line num="332" count="82" type="stmt"/>
      <line num="335" count="1" type="stmt"/>
    </file>
  </project>
</coverage>
