<?xml version="1.0" encoding="UTF-8"?>
<coverage generated="1674381935060" clover="3.2.0">
  <project timestamp="1674381935060" name="All files">
    <metrics statements="137" coveredstatements="130" conditionals="75" coveredconditionals="67" methods="17" coveredmethods="17" elements="229" coveredelements="214" complexity="0" loc="137" ncloc="137" packages="1" files="1" classes="1"/>
    <file name="parsemath.js" path="C:\Users\sebas\Dev\JS\parsemath\parsemath.js">
      <metrics statements="137" coveredstatements="130" conditionals="75" coveredconditionals="67" methods="17" coveredmethods="17"/>
      <line num="3" count="105" type="stmt"/>
      <line num="4" count="105" type="stmt"/>
      <line num="5" count="105" type="stmt"/>
      <line num="9" count="604" type="stmt"/>
      <line num="13" count="274" type="stmt"/>
      <line num="14" count="274" type="stmt"/>
      <line num="18" count="274" type="cond" truecount="1" falsecount="1"/>
      <line num="19" count="274" type="stmt"/>
      <line num="20" count="274" type="cond" truecount="2" falsecount="0"/>
      <line num="22" count="239" type="stmt"/>
      <line num="23" count="239" type="stmt"/>
      <line num="24" count="239" type="stmt"/>
      <line num="27" count="0" type="stmt"/>
      <line num="32" count="150" type="cond" truecount="1" falsecount="1"/>
      <line num="33" count="150" type="cond" truecount="1" falsecount="1"/>
      <line num="34" count="150" type="stmt"/>
      <line num="36" count="0" type="stmt"/>
      <line num="41" count="37" type="stmt"/>
      <line num="46" count="1" type="stmt"/>
      <line num="54" count="1" type="stmt"/>
      <line num="61" count="259" type="stmt"/>
      <line num="62" count="468" type="stmt"/>
      <line num="63" count="69" type="stmt"/>
      <line num="64" count="326" type="cond" truecount="2" falsecount="0"/>
      <line num="66" count="1" type="stmt"/>
      <line num="68" count="1" type="cond" truecount="1" falsecount="0"/>
      <line num="69" count="44" type="cond" truecount="9" falsecount="0"/>
      <line num="71" count="5" type="stmt"/>
      <line num="73" count="14" type="stmt"/>
      <line num="75" count="1" type="stmt"/>
      <line num="77" count="13" type="stmt"/>
      <line num="79" count="4" type="stmt"/>
      <line num="81" count="2" type="stmt"/>
      <line num="83" count="3" type="stmt"/>
      <line num="85" count="1" type="stmt"/>
      <line num="87" count="1" type="stmt"/>
      <line num="90" count="0" type="stmt"/>
      <line num="91" count="0" type="stmt"/>
      <line num="95" count="1" type="stmt"/>
      <line num="96" count="23" type="stmt"/>
      <line num="97" count="23" type="cond" truecount="2" falsecount="0"/>
      <line num="98" count="9" type="stmt"/>
      <line num="100" count="14" type="cond" truecount="1" falsecount="1"/>
      <line num="101" count="0" type="stmt"/>
      <line num="103" count="14" type="stmt"/>
      <line num="104" count="14" type="stmt"/>
      <line num="105" count="14" type="stmt"/>
      <line num="107" count="14" type="stmt"/>
      <line num="108" count="46" type="cond" truecount="2" falsecount="0"/>
      <line num="109" count="32" type="stmt"/>
      <line num="111" count="32" type="cond" truecount="1" falsecount="1"/>
      <line num="113" count="0" type="stmt"/>
      <line num="115" count="32" type="stmt"/>
      <line num="118" count="14" type="stmt"/>
      <line num="122" count="14" type="stmt"/>
      <line num="127" count="1" type="stmt"/>
      <line num="128" count="20" type="stmt"/>
      <line num="129" count="20" type="stmt"/>
      <line num="130" count="20" type="stmt"/>
      <line num="131" count="20" type="stmt"/>
      <line num="132" count="20" type="stmt"/>
      <line num="134" count="20" type="stmt"/>
      <line num="135" count="326" type="stmt"/>
      <line num="137" count="326" type="cond" truecount="2" falsecount="0"/>
      <line num="138" count="60" type="stmt"/>
      <line num="140" count="60" type="cond" truecount="4" falsecount="0"/>
      <line num="141" count="24" type="stmt"/>
      <line num="142" count="24" type="stmt"/>
      <line num="143" count="36" type="cond" truecount="5" falsecount="0"/>
      <line num="144" count="20" type="stmt"/>
      <line num="147" count="60" type="stmt"/>
      <line num="151" count="20" type="stmt"/>
      <line num="152" count="20" type="stmt"/>
      <line num="154" count="20" type="stmt"/>
      <line num="155" count="20" type="stmt"/>
      <line num="157" count="20" type="cond" truecount="2" falsecount="0"/>
      <line num="159" count="4" type="stmt"/>
      <line num="160" count="16" type="cond" truecount="2" falsecount="0"/>
      <line num="162" count="7" type="stmt"/>
      <line num="164" count="7" type="stmt"/>
      <line num="165" count="7" type="stmt"/>
      <line num="168" count="20" type="cond" truecount="1" falsecount="1"/>
      <line num="170" count="0" type="stmt"/>
      <line num="171" count="20" type="cond" truecount="2" falsecount="0"/>
      <line num="173" count="3" type="stmt"/>
      <line num="176" count="20" type="stmt"/>
      <line num="177" count="20" type="stmt"/>
      <line num="179" count="20" type="stmt"/>
      <line num="182" count="55" type="stmt"/>
      <line num="186" count="35" type="stmt"/>
      <line num="188" count="35" type="stmt"/>
      <line num="189" count="20" type="stmt"/>
      <line num="192" count="35" type="stmt"/>
      <line num="194" count="35" type="stmt"/>
      <line num="195" count="35" type="stmt"/>
      <line num="196" count="35" type="stmt"/>
      <line num="198" count="35" type="stmt"/>
      <line num="200" count="35" type="stmt"/>
      <line num="201" count="299" type="cond" truecount="2" falsecount="0"/>
      <line num="202" count="259" type="cond" truecount="2" falsecount="0"/>
      <line num="203" count="45" type="cond" truecount="4" falsecount="0"/>
      <line num="205" count="8" type="stmt"/>
      <line num="206" count="8" type="stmt"/>
      <line num="209" count="37" type="stmt"/>
      <line num="210" count="37" type="stmt"/>
      <line num="212" count="214" type="cond" truecount="2" falsecount="0"/>
      <line num="214" count="204" type="cond" truecount="5" falsecount="0"/>
      <line num="216" count="132" type="stmt"/>
      <line num="217" count="72" type="cond" truecount="7" falsecount="0"/>
      <line num="219" count="15" type="stmt"/>
      <line num="221" count="15" type="stmt"/>
      <line num="222" count="15" type="stmt"/>
      <line num="223" count="165" type="stmt"/>
      <line num="226" count="15" type="stmt"/>
      <line num="228" count="57" type="stmt"/>
      <line num="231" count="204" type="stmt"/>
      <line num="232" count="10" type="cond" truecount="1" falsecount="1"/>
      <line num="233" count="10" type="stmt"/>
      <line num="238" count="35" type="stmt"/>
      <line num="239" count="37" type="stmt"/>
      <line num="240" count="37" type="stmt"/>
      <line num="241" count="37" type="stmt"/>
      <line num="242" count="37" type="stmt"/>
      <line num="244" count="37" type="stmt"/>
      <line num="245" count="76" type="stmt"/>
      <line num="246" count="76" type="stmt"/>
      <line num="248" count="76" type="cond" truecount="2" falsecount="0"/>
      <line num="249" count="50" type="stmt"/>
      <line num="250" count="50" type="stmt"/>
      <line num="251" count="50" type="stmt"/>
      <line num="252" count="50" type="stmt"/>
      <line num="256" count="37" type="stmt"/>
      <line num="257" count="37" type="stmt"/>
      <line num="258" count="37" type="stmt"/>
      <line num="259" count="37" type="stmt"/>
      <line num="262" count="35" type="stmt"/>
      <line num="265" count="1" type="stmt"/>
    </file>
  </project>
</coverage>
