{"C:\\Dev\\JS\\parsemath\\parsemath.js": {"path":"C:\\Dev\\JS\\parsemath\\parsemath.js","statementMap":{"0":{"start":{"line":3,"column":2},"end":{"line":3,"column":16}},"1":{"start":{"line":4,"column":2},"end":{"line":4,"column":18}},"2":{"start":{"line":5,"column":2},"end":{"line":5,"column":16}},"3":{"start":{"line":9,"column":2},"end":{"line":9,"column":25}},"4":{"start":{"line":13,"column":2},"end":{"line":13,"column":22}},"5":{"start":{"line":14,"column":2},"end":{"line":14,"column":13}},"6":{"start":{"line":18,"column":2},"end":{"line":28,"column":3}},"7":{"start":{"line":19,"column":3},"end":{"line":19,"column":14}},"8":{"start":{"line":20,"column":3},"end":{"line":25,"column":4}},"9":{"start":{"line":20,"column":21},"end":{"line":20,"column":42}},"10":{"start":{"line":22,"column":24},"end":{"line":22,"column":37}},"11":{"start":{"line":23,"column":4},"end":{"line":23,"column":28}},"12":{"start":{"line":24,"column":4},"end":{"line":24,"column":23}},"13":{"start":{"line":27,"column":3},"end":{"line":27,"column":15}},"14":{"start":{"line":32,"column":2},"end":{"line":37,"column":3}},"15":{"start":{"line":33,"column":3},"end":{"line":34,"column":29}},"16":{"start":{"line":33,"column":21},"end":{"line":33,"column":46}},"17":{"start":{"line":34,"column":8},"end":{"line":34,"column":29}},"18":{"start":{"line":36,"column":3},"end":{"line":36,"column":15}},"19":{"start":{"line":41,"column":2},"end":{"line":41,"column":25}},"20":{"start":{"line":46,"column":20},"end":{"line":52,"column":1}},"21":{"start":{"line":54,"column":17},"end":{"line":59,"column":1}},"22":{"start":{"line":61,"column":19},"end":{"line":61,"column":50}},"23":{"start":{"line":61,"column":29},"end":{"line":61,"column":50}},"24":{"start":{"line":62,"column":18},"end":{"line":62,"column":48}},"25":{"start":{"line":62,"column":28},"end":{"line":62,"column":48}},"26":{"start":{"line":63,"column":17},"end":{"line":63,"column":56}},"27":{"start":{"line":63,"column":27},"end":{"line":63,"column":56}},"28":{"start":{"line":64,"column":18},"end":{"line":64,"column":86}},"29":{"start":{"line":64,"column":28},"end":{"line":64,"column":86}},"30":{"start":{"line":66,"column":27},"end":{"line":66,"column":28}},"31":{"start":{"line":67,"column":18},"end":{"line":70,"column":1}},"32":{"start":{"line":71,"column":16},"end":{"line":71,"column":25}},"33":{"start":{"line":73,"column":18},"end":{"line":105,"column":1}},"34":{"start":{"line":74,"column":28},"end":{"line":74,"column":44}},"35":{"start":{"line":75,"column":28},"end":{"line":75,"column":43}},"36":{"start":{"line":77,"column":2},"end":{"line":77,"column":63}},"37":{"start":{"line":77,"column":21},"end":{"line":77,"column":63}},"38":{"start":{"line":78,"column":2},"end":{"line":78,"column":24}},"39":{"start":{"line":80,"column":28},"end":{"line":80,"column":43}},"40":{"start":{"line":81,"column":28},"end":{"line":81,"column":43}},"41":{"start":{"line":82,"column":25},"end":{"line":82,"column":43}},"42":{"start":{"line":83,"column":35},"end":{"line":83,"column":110}},"43":{"start":{"line":84,"column":35},"end":{"line":84,"column":110}},"44":{"start":{"line":85,"column":35},"end":{"line":85,"column":110}},"45":{"start":{"line":87,"column":2},"end":{"line":87,"column":100}},"46":{"start":{"line":87,"column":35},"end":{"line":87,"column":100}},"47":{"start":{"line":88,"column":2},"end":{"line":88,"column":86}},"48":{"start":{"line":91,"column":2},"end":{"line":91,"column":100}},"49":{"start":{"line":91,"column":35},"end":{"line":91,"column":100}},"50":{"start":{"line":92,"column":2},"end":{"line":92,"column":86}},"51":{"start":{"line":95,"column":2},"end":{"line":95,"column":86}},"52":{"start":{"line":97,"column":38},"end":{"line":97,"column":78}},"53":{"start":{"line":98,"column":38},"end":{"line":98,"column":78}},"54":{"start":{"line":99,"column":38},"end":{"line":99,"column":78}},"55":{"start":{"line":100,"column":24},"end":{"line":100,"column":41}},"56":{"start":{"line":102,"column":2},"end":{"line":102,"column":75}},"57":{"start":{"line":102,"column":20},"end":{"line":102,"column":75}},"58":{"start":{"line":103,"column":2},"end":{"line":103,"column":26}},"59":{"start":{"line":107,"column":27},"end":{"line":117,"column":1}},"60":{"start":{"line":108,"column":1},"end":{"line":110,"column":2}},"61":{"start":{"line":109,"column":2},"end":{"line":109,"column":72}},"62":{"start":{"line":112,"column":1},"end":{"line":112,"column":35}},"63":{"start":{"line":113,"column":1},"end":{"line":116,"column":18}},"64":{"start":{"line":114,"column":2},"end":{"line":114,"column":58}},"65":{"start":{"line":116,"column":6},"end":{"line":116,"column":18}},"66":{"start":{"line":120,"column":28},"end":{"line":150,"column":1}},"67":{"start":{"line":121,"column":24},"end":{"line":121,"column":62}},"68":{"start":{"line":122,"column":1},"end":{"line":149,"column":2}},"69":{"start":{"line":123,"column":2},"end":{"line":123,"column":15}},"70":{"start":{"line":125,"column":2},"end":{"line":148,"column":3}},"71":{"start":{"line":126,"column":3},"end":{"line":126,"column":25}},"72":{"start":{"line":128,"column":22},"end":{"line":128,"column":36}},"73":{"start":{"line":129,"column":27},"end":{"line":129,"column":31}},"74":{"start":{"line":130,"column":28},"end":{"line":130,"column":48}},"75":{"start":{"line":132,"column":3},"end":{"line":145,"column":4}},"76":{"start":{"line":133,"column":4},"end":{"line":144,"column":5}},"77":{"start":{"line":134,"column":5},"end":{"line":134,"column":72}},"78":{"start":{"line":136,"column":5},"end":{"line":141,"column":6}},"79":{"start":{"line":138,"column":6},"end":{"line":138,"column":26}},"80":{"start":{"line":140,"column":6},"end":{"line":140,"column":27}},"81":{"start":{"line":143,"column":5},"end":{"line":143,"column":31}},"82":{"start":{"line":147,"column":3},"end":{"line":147,"column":23}},"83":{"start":{"line":152,"column":31},"end":{"line":190,"column":1}},"84":{"start":{"line":153,"column":21},"end":{"line":153,"column":24}},"85":{"start":{"line":155,"column":20},"end":{"line":155,"column":24}},"86":{"start":{"line":156,"column":20},"end":{"line":156,"column":25}},"87":{"start":{"line":157,"column":22},"end":{"line":157,"column":40}},"88":{"start":{"line":159,"column":1},"end":{"line":169,"column":2}},"89":{"start":{"line":160,"column":2},"end":{"line":160,"column":11}},"90":{"start":{"line":161,"column":2},"end":{"line":168,"column":3}},"91":{"start":{"line":162,"column":3},"end":{"line":162,"column":24}},"92":{"start":{"line":163,"column":3},"end":{"line":165,"column":22}},"93":{"start":{"line":164,"column":4},"end":{"line":164,"column":24}},"94":{"start":{"line":165,"column":10},"end":{"line":165,"column":22}},"95":{"start":{"line":167,"column":3},"end":{"line":167,"column":40}},"96":{"start":{"line":171,"column":20},"end":{"line":171,"column":24}},"97":{"start":{"line":172,"column":1},"end":{"line":172,"column":22}},"98":{"start":{"line":173,"column":1},"end":{"line":173,"column":19}},"99":{"start":{"line":175,"column":1},"end":{"line":182,"column":2}},"100":{"start":{"line":176,"column":2},"end":{"line":176,"column":11}},"101":{"start":{"line":177,"column":2},"end":{"line":181,"column":3}},"102":{"start":{"line":178,"column":3},"end":{"line":178,"column":24}},"103":{"start":{"line":180,"column":3},"end":{"line":180,"column":56}},"104":{"start":{"line":184,"column":1},"end":{"line":189,"column":2}},"105":{"start":{"line":186,"column":2},"end":{"line":186,"column":14}},"106":{"start":{"line":188,"column":2},"end":{"line":188,"column":13}},"107":{"start":{"line":192,"column":28},"end":{"line":254,"column":1}},"108":{"start":{"line":193,"column":24},"end":{"line":193,"column":42}},"109":{"start":{"line":194,"column":28},"end":{"line":194,"column":29}},"110":{"start":{"line":195,"column":16},"end":{"line":195,"column":18}},"111":{"start":{"line":196,"column":23},"end":{"line":196,"column":25}},"112":{"start":{"line":197,"column":22},"end":{"line":197,"column":24}},"113":{"start":{"line":199,"column":1},"end":{"line":214,"column":4}},"114":{"start":{"line":200,"column":23},"end":{"line":200,"column":47}},"115":{"start":{"line":202,"column":2},"end":{"line":213,"column":3}},"116":{"start":{"line":203,"column":24},"end":{"line":203,"column":62}},"117":{"start":{"line":205,"column":3},"end":{"line":210,"column":4}},"118":{"start":{"line":206,"column":4},"end":{"line":206,"column":28}},"119":{"start":{"line":207,"column":4},"end":{"line":207,"column":26}},"120":{"start":{"line":208,"column":10},"end":{"line":210,"column":4}},"121":{"start":{"line":209,"column":4},"end":{"line":209,"column":25}},"122":{"start":{"line":212,"column":3},"end":{"line":212,"column":39}},"123":{"start":{"line":216,"column":1},"end":{"line":218,"column":2}},"124":{"start":{"line":217,"column":2},"end":{"line":217,"column":56}},"125":{"start":{"line":220,"column":27},"end":{"line":220,"column":82}},"126":{"start":{"line":222,"column":1},"end":{"line":224,"column":2}},"127":{"start":{"line":223,"column":2},"end":{"line":223,"column":66}},"128":{"start":{"line":226,"column":31},"end":{"line":226,"column":98}},"129":{"start":{"line":228,"column":17},"end":{"line":228,"column":55}},"130":{"start":{"line":229,"column":16},"end":{"line":229,"column":71}},"131":{"start":{"line":231,"column":1},"end":{"line":244,"column":2}},"132":{"start":{"line":233,"column":2},"end":{"line":233,"column":19}},"133":{"start":{"line":234,"column":8},"end":{"line":244,"column":2}},"134":{"start":{"line":236,"column":18},"end":{"line":236,"column":48}},"135":{"start":{"line":238,"column":2},"end":{"line":238,"column":74}},"136":{"start":{"line":239,"column":2},"end":{"line":239,"column":100}},"137":{"start":{"line":241,"column":2},"end":{"line":243,"column":3}},"138":{"start":{"line":242,"column":3},"end":{"line":242,"column":19}},"139":{"start":{"line":246,"column":1},"end":{"line":249,"column":2}},"140":{"start":{"line":248,"column":2},"end":{"line":248,"column":28}},"141":{"start":{"line":251,"column":20},"end":{"line":251,"column":66}},"142":{"start":{"line":253,"column":1},"end":{"line":253,"column":19}},"143":{"start":{"line":256,"column":24},"end":{"line":256,"column":64}},"144":{"start":{"line":256,"column":36},"end":{"line":256,"column":64}},"145":{"start":{"line":260,"column":1},"end":{"line":260,"column":40}},"146":{"start":{"line":263,"column":1},"end":{"line":266,"column":2}},"147":{"start":{"line":263,"column":23},"end":{"line":263,"column":37}},"148":{"start":{"line":264,"column":6},"end":{"line":266,"column":2}},"149":{"start":{"line":265,"column":2},"end":{"line":265,"column":24}},"150":{"start":{"line":268,"column":1},"end":{"line":276,"column":2}},"151":{"start":{"line":269,"column":2},"end":{"line":275,"column":5}},"152":{"start":{"line":270,"column":25},"end":{"line":270,"column":47}},"153":{"start":{"line":271,"column":3},"end":{"line":273,"column":4}},"154":{"start":{"line":272,"column":4},"end":{"line":272,"column":49}},"155":{"start":{"line":274,"column":3},"end":{"line":274,"column":44}},"156":{"start":{"line":278,"column":1},"end":{"line":280,"column":2}},"157":{"start":{"line":279,"column":2},"end":{"line":279,"column":82}},"158":{"start":{"line":282,"column":24},"end":{"line":282,"column":42}},"159":{"start":{"line":284,"column":17},"end":{"line":284,"column":28}},"160":{"start":{"line":285,"column":19},"end":{"line":285,"column":30}},"161":{"start":{"line":286,"column":24},"end":{"line":286,"column":35}},"162":{"start":{"line":288,"column":16},"end":{"line":288,"column":26}},"163":{"start":{"line":290,"column":1},"end":{"line":339,"column":4}},"164":{"start":{"line":291,"column":2},"end":{"line":338,"column":3}},"165":{"start":{"line":292,"column":3},"end":{"line":337,"column":4}},"166":{"start":{"line":293,"column":4},"end":{"line":301,"column":5}},"167":{"start":{"line":295,"column":5},"end":{"line":295,"column":40}},"168":{"start":{"line":296,"column":5},"end":{"line":296,"column":25}},"169":{"start":{"line":299,"column":5},"end":{"line":299,"column":35}},"170":{"start":{"line":300,"column":5},"end":{"line":300,"column":27}},"171":{"start":{"line":302,"column":10},"end":{"line":337,"column":4}},"172":{"start":{"line":304,"column":4},"end":{"line":319,"column":5}},"173":{"start":{"line":306,"column":5},"end":{"line":306,"column":40}},"174":{"start":{"line":307,"column":11},"end":{"line":319,"column":5}},"175":{"start":{"line":309,"column":5},"end":{"line":309,"column":40}},"176":{"start":{"line":311,"column":33},"end":{"line":311,"column":35}},"177":{"start":{"line":312,"column":5},"end":{"line":314,"column":6}},"178":{"start":{"line":313,"column":6},"end":{"line":313,"column":53}},"179":{"start":{"line":316,"column":5},"end":{"line":316,"column":41}},"180":{"start":{"line":318,"column":5},"end":{"line":318,"column":33}},"181":{"start":{"line":321,"column":4},"end":{"line":321,"column":24}},"182":{"start":{"line":322,"column":10},"end":{"line":337,"column":4}},"183":{"start":{"line":323,"column":4},"end":{"line":323,"column":29}},"184":{"start":{"line":324,"column":10},"end":{"line":337,"column":4}},"185":{"start":{"line":327,"column":4},"end":{"line":330,"column":5}},"186":{"start":{"line":329,"column":5},"end":{"line":329,"column":25}},"187":{"start":{"line":332,"column":4},"end":{"line":332,"column":56}},"188":{"start":{"line":333,"column":4},"end":{"line":333,"column":32}},"189":{"start":{"line":334,"column":4},"end":{"line":334,"column":24}},"190":{"start":{"line":336,"column":4},"end":{"line":336,"column":84}},"191":{"start":{"line":341,"column":1},"end":{"line":363,"column":2}},"192":{"start":{"line":342,"column":24},"end":{"line":342,"column":27}},"193":{"start":{"line":343,"column":29},"end":{"line":343,"column":47}},"194":{"start":{"line":344,"column":29},"end":{"line":344,"column":31}},"195":{"start":{"line":345,"column":24},"end":{"line":345,"column":32}},"196":{"start":{"line":347,"column":2},"end":{"line":357,"column":3}},"197":{"start":{"line":347,"column":17},"end":{"line":347,"column":18}},"198":{"start":{"line":348,"column":30},"end":{"line":348,"column":49}},"199":{"start":{"line":349,"column":35},"end":{"line":349,"column":66}},"200":{"start":{"line":351,"column":3},"end":{"line":356,"column":4}},"201":{"start":{"line":352,"column":4},"end":{"line":352,"column":41}},"202":{"start":{"line":353,"column":4},"end":{"line":353,"column":51}},"203":{"start":{"line":354,"column":4},"end":{"line":354,"column":31}},"204":{"start":{"line":355,"column":4},"end":{"line":355,"column":37}},"205":{"start":{"line":359,"column":26},"end":{"line":359,"column":153}},"206":{"start":{"line":360,"column":2},"end":{"line":360,"column":34}},"207":{"start":{"line":361,"column":2},"end":{"line":361,"column":66}},"208":{"start":{"line":362,"column":2},"end":{"line":362,"column":38}},"209":{"start":{"line":365,"column":16},"end":{"line":365,"column":37}},"210":{"start":{"line":366,"column":1},"end":{"line":366,"column":15}},"211":{"start":{"line":369,"column":0},"end":{"line":369,"column":27}}},"fnMap":{"0":{"name":"(anonymous_0)","decl":{"start":{"line":2,"column":1},"end":{"line":2,"column":2}},"loc":{"start":{"line":2,"column":15},"end":{"line":6,"column":2}},"line":2},"1":{"name":"(anonymous_1)","decl":{"start":{"line":8,"column":1},"end":{"line":8,"column":2}},"loc":{"start":{"line":8,"column":11},"end":{"line":10,"column":2}},"line":8},"2":{"name":"(anonymous_2)","decl":{"start":{"line":12,"column":1},"end":{"line":12,"column":2}},"loc":{"start":{"line":12,"column":12},"end":{"line":15,"column":2}},"line":12},"3":{"name":"(anonymous_3)","decl":{"start":{"line":17,"column":1},"end":{"line":17,"column":2}},"loc":{"start":{"line":17,"column":17},"end":{"line":29,"column":2}},"line":17},"4":{"name":"(anonymous_4)","decl":{"start":{"line":31,"column":1},"end":{"line":31,"column":2}},"loc":{"start":{"line":31,"column":18},"end":{"line":38,"column":2}},"line":31},"5":{"name":"(anonymous_5)","decl":{"start":{"line":40,"column":1},"end":{"line":40,"column":2}},"loc":{"start":{"line":40,"column":22},"end":{"line":42,"column":2}},"line":40},"6":{"name":"(anonymous_6)","decl":{"start":{"line":61,"column":19},"end":{"line":61,"column":20}},"loc":{"start":{"line":61,"column":29},"end":{"line":61,"column":50}},"line":61},"7":{"name":"(anonymous_7)","decl":{"start":{"line":62,"column":18},"end":{"line":62,"column":19}},"loc":{"start":{"line":62,"column":28},"end":{"line":62,"column":48}},"line":62},"8":{"name":"(anonymous_8)","decl":{"start":{"line":63,"column":17},"end":{"line":63,"column":18}},"loc":{"start":{"line":63,"column":27},"end":{"line":63,"column":56}},"line":63},"9":{"name":"(anonymous_9)","decl":{"start":{"line":64,"column":18},"end":{"line":64,"column":19}},"loc":{"start":{"line":64,"column":28},"end":{"line":64,"column":86}},"line":64},"10":{"name":"(anonymous_10)","decl":{"start":{"line":74,"column":6},"end":{"line":74,"column":7}},"loc":{"start":{"line":74,"column":28},"end":{"line":74,"column":44}},"line":74},"11":{"name":"(anonymous_11)","decl":{"start":{"line":75,"column":6},"end":{"line":75,"column":7}},"loc":{"start":{"line":75,"column":28},"end":{"line":75,"column":43}},"line":75},"12":{"name":"(anonymous_12)","decl":{"start":{"line":76,"column":6},"end":{"line":76,"column":7}},"loc":{"start":{"line":76,"column":28},"end":{"line":79,"column":2}},"line":76},"13":{"name":"(anonymous_13)","decl":{"start":{"line":80,"column":6},"end":{"line":80,"column":7}},"loc":{"start":{"line":80,"column":28},"end":{"line":80,"column":43}},"line":80},"14":{"name":"(anonymous_14)","decl":{"start":{"line":81,"column":6},"end":{"line":81,"column":7}},"loc":{"start":{"line":81,"column":28},"end":{"line":81,"column":43}},"line":81},"15":{"name":"(anonymous_15)","decl":{"start":{"line":82,"column":9},"end":{"line":82,"column":10}},"loc":{"start":{"line":82,"column":25},"end":{"line":82,"column":43}},"line":82},"16":{"name":"(anonymous_16)","decl":{"start":{"line":83,"column":8},"end":{"line":83,"column":9}},"loc":{"start":{"line":83,"column":35},"end":{"line":83,"column":110}},"line":83},"17":{"name":"(anonymous_17)","decl":{"start":{"line":84,"column":8},"end":{"line":84,"column":9}},"loc":{"start":{"line":84,"column":35},"end":{"line":84,"column":110}},"line":84},"18":{"name":"(anonymous_18)","decl":{"start":{"line":85,"column":8},"end":{"line":85,"column":9}},"loc":{"start":{"line":85,"column":35},"end":{"line":85,"column":110}},"line":85},"19":{"name":"(anonymous_19)","decl":{"start":{"line":86,"column":9},"end":{"line":86,"column":10}},"loc":{"start":{"line":86,"column":36},"end":{"line":89,"column":2}},"line":86},"20":{"name":"(anonymous_20)","decl":{"start":{"line":90,"column":9},"end":{"line":90,"column":10}},"loc":{"start":{"line":90,"column":36},"end":{"line":93,"column":2}},"line":90},"21":{"name":"(anonymous_21)","decl":{"start":{"line":94,"column":9},"end":{"line":94,"column":10}},"loc":{"start":{"line":94,"column":36},"end":{"line":96,"column":2}},"line":94},"22":{"name":"(anonymous_22)","decl":{"start":{"line":97,"column":11},"end":{"line":97,"column":12}},"loc":{"start":{"line":97,"column":38},"end":{"line":97,"column":78}},"line":97},"23":{"name":"(anonymous_23)","decl":{"start":{"line":98,"column":11},"end":{"line":98,"column":12}},"loc":{"start":{"line":98,"column":38},"end":{"line":98,"column":78}},"line":98},"24":{"name":"(anonymous_24)","decl":{"start":{"line":99,"column":11},"end":{"line":99,"column":12}},"loc":{"start":{"line":99,"column":38},"end":{"line":99,"column":78}},"line":99},"25":{"name":"(anonymous_25)","decl":{"start":{"line":100,"column":8},"end":{"line":100,"column":9}},"loc":{"start":{"line":100,"column":24},"end":{"line":100,"column":41}},"line":100},"26":{"name":"(anonymous_26)","decl":{"start":{"line":101,"column":7},"end":{"line":101,"column":8}},"loc":{"start":{"line":101,"column":23},"end":{"line":104,"column":2}},"line":101},"27":{"name":"(anonymous_27)","decl":{"start":{"line":107,"column":27},"end":{"line":107,"column":28}},"loc":{"start":{"line":107,"column":74},"end":{"line":117,"column":1}},"line":107},"28":{"name":"(anonymous_28)","decl":{"start":{"line":120,"column":28},"end":{"line":120,"column":29}},"loc":{"start":{"line":120,"column":41},"end":{"line":150,"column":1}},"line":120},"29":{"name":"(anonymous_29)","decl":{"start":{"line":152,"column":31},"end":{"line":152,"column":32}},"loc":{"start":{"line":152,"column":48},"end":{"line":190,"column":1}},"line":152},"30":{"name":"(anonymous_30)","decl":{"start":{"line":192,"column":28},"end":{"line":192,"column":29}},"loc":{"start":{"line":192,"column":81},"end":{"line":254,"column":1}},"line":192},"31":{"name":"(anonymous_31)","decl":{"start":{"line":199,"column":24},"end":{"line":199,"column":25}},"loc":{"start":{"line":199,"column":48},"end":{"line":214,"column":2}},"line":199},"32":{"name":"(anonymous_32)","decl":{"start":{"line":256,"column":24},"end":{"line":256,"column":25}},"loc":{"start":{"line":256,"column":36},"end":{"line":256,"column":64}},"line":256},"33":{"name":"ParseMath","decl":{"start":{"line":259,"column":9},"end":{"line":259,"column":18}},"loc":{"start":{"line":259,"column":90},"end":{"line":367,"column":1}},"line":259},"34":{"name":"(anonymous_34)","decl":{"start":{"line":269,"column":33},"end":{"line":269,"column":34}},"loc":{"start":{"line":269,"column":48},"end":{"line":275,"column":3}},"line":269},"35":{"name":"(anonymous_35)","decl":{"start":{"line":290,"column":24},"end":{"line":290,"column":25}},"loc":{"start":{"line":290,"column":48},"end":{"line":339,"column":2}},"line":290}},"branchMap":{"0":{"loc":{"start":{"line":17,"column":5},"end":{"line":17,"column":15}},"type":"default-arg","locations":[{"start":{"line":17,"column":11},"end":{"line":17,"column":15}}],"line":17},"1":{"loc":{"start":{"line":18,"column":2},"end":{"line":28,"column":3}},"type":"if","locations":[{"start":{"line":18,"column":2},"end":{"line":28,"column":3}},{"start":{"line":26,"column":9},"end":{"line":28,"column":3}}],"line":18},"2":{"loc":{"start":{"line":20,"column":3},"end":{"line":25,"column":4}},"type":"if","locations":[{"start":{"line":20,"column":3},"end":{"line":25,"column":4}},{"start":{"line":21,"column":8},"end":{"line":25,"column":4}}],"line":20},"3":{"loc":{"start":{"line":31,"column":6},"end":{"line":31,"column":16}},"type":"default-arg","locations":[{"start":{"line":31,"column":12},"end":{"line":31,"column":16}}],"line":31},"4":{"loc":{"start":{"line":32,"column":2},"end":{"line":37,"column":3}},"type":"if","locations":[{"start":{"line":32,"column":2},"end":{"line":37,"column":3}},{"start":{"line":35,"column":9},"end":{"line":37,"column":3}}],"line":32},"5":{"loc":{"start":{"line":33,"column":3},"end":{"line":34,"column":29}},"type":"if","locations":[{"start":{"line":33,"column":3},"end":{"line":34,"column":29}},{"start":{"line":34,"column":8},"end":{"line":34,"column":29}}],"line":33},"6":{"loc":{"start":{"line":64,"column":28},"end":{"line":64,"column":86}},"type":"cond-expr","locations":[{"start":{"line":64,"column":49},"end":{"line":64,"column":73}},{"start":{"line":64,"column":76},"end":{"line":64,"column":86}}],"line":64},"7":{"loc":{"start":{"line":77,"column":2},"end":{"line":77,"column":63}},"type":"if","locations":[{"start":{"line":77,"column":2},"end":{"line":77,"column":63}},{"start":{},"end":{}}],"line":77},"8":{"loc":{"start":{"line":83,"column":35},"end":{"line":83,"column":110}},"type":"cond-expr","locations":[{"start":{"line":83,"column":57},"end":{"line":83,"column":74}},{"start":{"line":83,"column":77},"end":{"line":83,"column":110}}],"line":83},"9":{"loc":{"start":{"line":84,"column":35},"end":{"line":84,"column":110}},"type":"cond-expr","locations":[{"start":{"line":84,"column":57},"end":{"line":84,"column":74}},{"start":{"line":84,"column":77},"end":{"line":84,"column":110}}],"line":84},"10":{"loc":{"start":{"line":85,"column":35},"end":{"line":85,"column":110}},"type":"cond-expr","locations":[{"start":{"line":85,"column":57},"end":{"line":85,"column":74}},{"start":{"line":85,"column":77},"end":{"line":85,"column":110}}],"line":85},"11":{"loc":{"start":{"line":87,"column":2},"end":{"line":87,"column":100}},"type":"if","locations":[{"start":{"line":87,"column":2},"end":{"line":87,"column":100}},{"start":{},"end":{}}],"line":87},"12":{"loc":{"start":{"line":87,"column":6},"end":{"line":87,"column":33}},"type":"binary-expr","locations":[{"start":{"line":87,"column":6},"end":{"line":87,"column":18}},{"start":{"line":87,"column":22},"end":{"line":87,"column":33}}],"line":87},"13":{"loc":{"start":{"line":88,"column":9},"end":{"line":88,"column":86}},"type":"cond-expr","locations":[{"start":{"line":88,"column":31},"end":{"line":88,"column":49}},{"start":{"line":88,"column":52},"end":{"line":88,"column":86}}],"line":88},"14":{"loc":{"start":{"line":91,"column":2},"end":{"line":91,"column":100}},"type":"if","locations":[{"start":{"line":91,"column":2},"end":{"line":91,"column":100}},{"start":{},"end":{}}],"line":91},"15":{"loc":{"start":{"line":91,"column":6},"end":{"line":91,"column":33}},"type":"binary-expr","locations":[{"start":{"line":91,"column":6},"end":{"line":91,"column":18}},{"start":{"line":91,"column":22},"end":{"line":91,"column":33}}],"line":91},"16":{"loc":{"start":{"line":92,"column":9},"end":{"line":92,"column":86}},"type":"cond-expr","locations":[{"start":{"line":92,"column":31},"end":{"line":92,"column":49}},{"start":{"line":92,"column":52},"end":{"line":92,"column":86}}],"line":92},"17":{"loc":{"start":{"line":95,"column":9},"end":{"line":95,"column":86}},"type":"cond-expr","locations":[{"start":{"line":95,"column":31},"end":{"line":95,"column":49}},{"start":{"line":95,"column":52},"end":{"line":95,"column":86}}],"line":95},"18":{"loc":{"start":{"line":102,"column":2},"end":{"line":102,"column":75}},"type":"if","locations":[{"start":{"line":102,"column":2},"end":{"line":102,"column":75}},{"start":{},"end":{}}],"line":102},"19":{"loc":{"start":{"line":107,"column":47},"end":{"line":107,"column":58}},"type":"default-arg","locations":[{"start":{"line":107,"column":57},"end":{"line":107,"column":58}}],"line":107},"20":{"loc":{"start":{"line":108,"column":1},"end":{"line":110,"column":2}},"type":"if","locations":[{"start":{"line":108,"column":1},"end":{"line":110,"column":2}},{"start":{},"end":{}}],"line":108},"21":{"loc":{"start":{"line":108,"column":5},"end":{"line":108,"column":37}},"type":"binary-expr","locations":[{"start":{"line":108,"column":5},"end":{"line":108,"column":19}},{"start":{"line":108,"column":23},"end":{"line":108,"column":37}}],"line":108},"22":{"loc":{"start":{"line":113,"column":1},"end":{"line":116,"column":18}},"type":"if","locations":[{"start":{"line":113,"column":1},"end":{"line":116,"column":18}},{"start":{"line":116,"column":6},"end":{"line":116,"column":18}}],"line":113},"23":{"loc":{"start":{"line":122,"column":1},"end":{"line":149,"column":2}},"type":"if","locations":[{"start":{"line":122,"column":1},"end":{"line":149,"column":2}},{"start":{"line":124,"column":8},"end":{"line":149,"column":2}}],"line":122},"24":{"loc":{"start":{"line":125,"column":2},"end":{"line":148,"column":3}},"type":"if","locations":[{"start":{"line":125,"column":2},"end":{"line":148,"column":3}},{"start":{"line":127,"column":9},"end":{"line":148,"column":3}}],"line":125},"25":{"loc":{"start":{"line":133,"column":4},"end":{"line":144,"column":5}},"type":"if","locations":[{"start":{"line":133,"column":4},"end":{"line":144,"column":5}},{"start":{"line":142,"column":11},"end":{"line":144,"column":5}}],"line":133},"26":{"loc":{"start":{"line":136,"column":5},"end":{"line":141,"column":6}},"type":"if","locations":[{"start":{"line":136,"column":5},"end":{"line":141,"column":6}},{"start":{"line":139,"column":12},"end":{"line":141,"column":6}}],"line":136},"27":{"loc":{"start":{"line":159,"column":8},"end":{"line":159,"column":47}},"type":"binary-expr","locations":[{"start":{"line":159,"column":8},"end":{"line":159,"column":20}},{"start":{"line":159,"column":24},"end":{"line":159,"column":47}}],"line":159},"28":{"loc":{"start":{"line":161,"column":2},"end":{"line":168,"column":3}},"type":"if","locations":[{"start":{"line":161,"column":2},"end":{"line":168,"column":3}},{"start":{"line":166,"column":9},"end":{"line":168,"column":3}}],"line":161},"29":{"loc":{"start":{"line":163,"column":3},"end":{"line":165,"column":22}},"type":"if","locations":[{"start":{"line":163,"column":3},"end":{"line":165,"column":22}},{"start":{"line":165,"column":10},"end":{"line":165,"column":22}}],"line":163},"30":{"loc":{"start":{"line":175,"column":8},"end":{"line":175,"column":31}},"type":"binary-expr","locations":[{"start":{"line":175,"column":8},"end":{"line":175,"column":20}},{"start":{"line":175,"column":24},"end":{"line":175,"column":31}}],"line":175},"31":{"loc":{"start":{"line":177,"column":2},"end":{"line":181,"column":3}},"type":"if","locations":[{"start":{"line":177,"column":2},"end":{"line":181,"column":3}},{"start":{"line":179,"column":9},"end":{"line":181,"column":3}}],"line":177},"32":{"loc":{"start":{"line":184,"column":1},"end":{"line":189,"column":2}},"type":"if","locations":[{"start":{"line":184,"column":1},"end":{"line":189,"column":2}},{"start":{"line":187,"column":8},"end":{"line":189,"column":2}}],"line":184},"33":{"loc":{"start":{"line":202,"column":2},"end":{"line":213,"column":3}},"type":"if","locations":[{"start":{"line":202,"column":2},"end":{"line":213,"column":3}},{"start":{},"end":{}}],"line":202},"34":{"loc":{"start":{"line":205,"column":3},"end":{"line":210,"column":4}},"type":"if","locations":[{"start":{"line":205,"column":3},"end":{"line":210,"column":4}},{"start":{"line":208,"column":10},"end":{"line":210,"column":4}}],"line":205},"35":{"loc":{"start":{"line":205,"column":7},"end":{"line":205,"column":55}},"type":"binary-expr","locations":[{"start":{"line":205,"column":7},"end":{"line":205,"column":30}},{"start":{"line":205,"column":34},"end":{"line":205,"column":55}}],"line":205},"36":{"loc":{"start":{"line":208,"column":10},"end":{"line":210,"column":4}},"type":"if","locations":[{"start":{"line":208,"column":10},"end":{"line":210,"column":4}},{"start":{},"end":{}}],"line":208},"37":{"loc":{"start":{"line":208,"column":14},"end":{"line":208,"column":99}},"type":"binary-expr","locations":[{"start":{"line":208,"column":14},"end":{"line":208,"column":47}},{"start":{"line":208,"column":51},"end":{"line":208,"column":74}},{"start":{"line":208,"column":78},"end":{"line":208,"column":99}}],"line":208},"38":{"loc":{"start":{"line":216,"column":1},"end":{"line":218,"column":2}},"type":"if","locations":[{"start":{"line":216,"column":1},"end":{"line":218,"column":2}},{"start":{},"end":{}}],"line":216},"39":{"loc":{"start":{"line":222,"column":1},"end":{"line":224,"column":2}},"type":"if","locations":[{"start":{"line":222,"column":1},"end":{"line":224,"column":2}},{"start":{},"end":{}}],"line":222},"40":{"loc":{"start":{"line":231,"column":1},"end":{"line":244,"column":2}},"type":"if","locations":[{"start":{"line":231,"column":1},"end":{"line":244,"column":2}},{"start":{"line":234,"column":8},"end":{"line":244,"column":2}}],"line":231},"41":{"loc":{"start":{"line":231,"column":5},"end":{"line":231,"column":271}},"type":"binary-expr","locations":[{"start":{"line":231,"column":5},"end":{"line":231,"column":54}},{"start":{"line":231,"column":59},"end":{"line":231,"column":113}},{"start":{"line":231,"column":117},"end":{"line":231,"column":155}},{"start":{"line":231,"column":159},"end":{"line":231,"column":215}},{"start":{"line":231,"column":219},"end":{"line":231,"column":270}}],"line":231},"42":{"loc":{"start":{"line":234,"column":8},"end":{"line":244,"column":2}},"type":"if","locations":[{"start":{"line":234,"column":8},"end":{"line":244,"column":2}},{"start":{},"end":{}}],"line":234},"43":{"loc":{"start":{"line":241,"column":2},"end":{"line":243,"column":3}},"type":"if","locations":[{"start":{"line":241,"column":2},"end":{"line":243,"column":3}},{"start":{},"end":{}}],"line":241},"44":{"loc":{"start":{"line":241,"column":6},"end":{"line":241,"column":272}},"type":"binary-expr","locations":[{"start":{"line":241,"column":6},"end":{"line":241,"column":55}},{"start":{"line":241,"column":60},"end":{"line":241,"column":114}},{"start":{"line":241,"column":118},"end":{"line":241,"column":156}},{"start":{"line":241,"column":160},"end":{"line":241,"column":216}},{"start":{"line":241,"column":220},"end":{"line":241,"column":271}}],"line":241},"45":{"loc":{"start":{"line":246,"column":1},"end":{"line":249,"column":2}},"type":"if","locations":[{"start":{"line":246,"column":1},"end":{"line":249,"column":2}},{"start":{},"end":{}}],"line":246},"46":{"loc":{"start":{"line":246,"column":5},"end":{"line":246,"column":126}},"type":"binary-expr","locations":[{"start":{"line":246,"column":5},"end":{"line":246,"column":34}},{"start":{"line":246,"column":38},"end":{"line":246,"column":64}},{"start":{"line":246,"column":68},"end":{"line":246,"column":94}},{"start":{"line":246,"column":98},"end":{"line":246,"column":126}}],"line":246},"47":{"loc":{"start":{"line":259,"column":29},"end":{"line":259,"column":51}},"type":"default-arg","locations":[{"start":{"line":259,"column":47},"end":{"line":259,"column":51}}],"line":259},"48":{"loc":{"start":{"line":259,"column":53},"end":{"line":259,"column":69}},"type":"default-arg","locations":[{"start":{"line":259,"column":65},"end":{"line":259,"column":69}}],"line":259},"49":{"loc":{"start":{"line":259,"column":71},"end":{"line":259,"column":88}},"type":"default-arg","locations":[{"start":{"line":259,"column":83},"end":{"line":259,"column":88}}],"line":259},"50":{"loc":{"start":{"line":263,"column":1},"end":{"line":266,"column":2}},"type":"if","locations":[{"start":{"line":263,"column":1},"end":{"line":266,"column":2}},{"start":{"line":264,"column":6},"end":{"line":266,"column":2}}],"line":263},"51":{"loc":{"start":{"line":264,"column":6},"end":{"line":266,"column":2}},"type":"if","locations":[{"start":{"line":264,"column":6},"end":{"line":266,"column":2}},{"start":{},"end":{}}],"line":264},"52":{"loc":{"start":{"line":268,"column":1},"end":{"line":276,"column":2}},"type":"if","locations":[{"start":{"line":268,"column":1},"end":{"line":276,"column":2}},{"start":{},"end":{}}],"line":268},"53":{"loc":{"start":{"line":268,"column":5},"end":{"line":268,"column":56}},"type":"binary-expr","locations":[{"start":{"line":268,"column":5},"end":{"line":268,"column":23}},{"start":{"line":268,"column":27},"end":{"line":268,"column":56}}],"line":268},"54":{"loc":{"start":{"line":271,"column":3},"end":{"line":273,"column":4}},"type":"if","locations":[{"start":{"line":271,"column":3},"end":{"line":273,"column":4}},{"start":{},"end":{}}],"line":271},"55":{"loc":{"start":{"line":271,"column":7},"end":{"line":271,"column":74}},"type":"binary-expr","locations":[{"start":{"line":271,"column":7},"end":{"line":271,"column":42}},{"start":{"line":271,"column":46},"end":{"line":271,"column":74}}],"line":271},"56":{"loc":{"start":{"line":291,"column":2},"end":{"line":338,"column":3}},"type":"if","locations":[{"start":{"line":291,"column":2},"end":{"line":338,"column":3}},{"start":{},"end":{}}],"line":291},"57":{"loc":{"start":{"line":292,"column":3},"end":{"line":337,"column":4}},"type":"if","locations":[{"start":{"line":292,"column":3},"end":{"line":337,"column":4}},{"start":{"line":302,"column":10},"end":{"line":337,"column":4}}],"line":292},"58":{"loc":{"start":{"line":293,"column":4},"end":{"line":301,"column":5}},"type":"if","locations":[{"start":{"line":293,"column":4},"end":{"line":301,"column":5}},{"start":{"line":297,"column":11},"end":{"line":301,"column":5}}],"line":293},"59":{"loc":{"start":{"line":293,"column":8},"end":{"line":293,"column":56}},"type":"binary-expr","locations":[{"start":{"line":293,"column":8},"end":{"line":293,"column":31}},{"start":{"line":293,"column":35},"end":{"line":293,"column":56}}],"line":293},"60":{"loc":{"start":{"line":302,"column":10},"end":{"line":337,"column":4}},"type":"if","locations":[{"start":{"line":302,"column":10},"end":{"line":337,"column":4}},{"start":{"line":322,"column":10},"end":{"line":337,"column":4}}],"line":302},"61":{"loc":{"start":{"line":304,"column":4},"end":{"line":319,"column":5}},"type":"if","locations":[{"start":{"line":304,"column":4},"end":{"line":319,"column":5}},{"start":{"line":307,"column":11},"end":{"line":319,"column":5}}],"line":304},"62":{"loc":{"start":{"line":304,"column":8},"end":{"line":304,"column":112}},"type":"binary-expr","locations":[{"start":{"line":304,"column":8},"end":{"line":304,"column":35}},{"start":{"line":304,"column":40},"end":{"line":304,"column":75}},{"start":{"line":304,"column":79},"end":{"line":304,"column":111}}],"line":304},"63":{"loc":{"start":{"line":307,"column":11},"end":{"line":319,"column":5}},"type":"if","locations":[{"start":{"line":307,"column":11},"end":{"line":319,"column":5}},{"start":{"line":317,"column":11},"end":{"line":319,"column":5}}],"line":307},"64":{"loc":{"start":{"line":307,"column":15},"end":{"line":307,"column":164}},"type":"binary-expr","locations":[{"start":{"line":307,"column":15},"end":{"line":307,"column":24}},{"start":{"line":307,"column":29},"end":{"line":307,"column":64}},{"start":{"line":307,"column":68},"end":{"line":307,"column":100}},{"start":{"line":307,"column":105},"end":{"line":307,"column":137}},{"start":{"line":307,"column":141},"end":{"line":307,"column":162}}],"line":307},"65":{"loc":{"start":{"line":322,"column":10},"end":{"line":337,"column":4}},"type":"if","locations":[{"start":{"line":322,"column":10},"end":{"line":337,"column":4}},{"start":{"line":324,"column":10},"end":{"line":337,"column":4}}],"line":322},"66":{"loc":{"start":{"line":324,"column":10},"end":{"line":337,"column":4}},"type":"if","locations":[{"start":{"line":324,"column":10},"end":{"line":337,"column":4}},{"start":{"line":335,"column":10},"end":{"line":337,"column":4}}],"line":324},"67":{"loc":{"start":{"line":324,"column":14},"end":{"line":324,"column":82}},"type":"binary-expr","locations":[{"start":{"line":324,"column":14},"end":{"line":324,"column":40}},{"start":{"line":324,"column":44},"end":{"line":324,"column":82}}],"line":324},"68":{"loc":{"start":{"line":327,"column":4},"end":{"line":330,"column":5}},"type":"if","locations":[{"start":{"line":327,"column":4},"end":{"line":330,"column":5}},{"start":{},"end":{}}],"line":327},"69":{"loc":{"start":{"line":327,"column":8},"end":{"line":327,"column":42}},"type":"binary-expr","locations":[{"start":{"line":327,"column":8},"end":{"line":327,"column":17}},{"start":{"line":327,"column":21},"end":{"line":327,"column":42}}],"line":327},"70":{"loc":{"start":{"line":351,"column":3},"end":{"line":356,"column":4}},"type":"if","locations":[{"start":{"line":351,"column":3},"end":{"line":356,"column":4}},{"start":{},"end":{}}],"line":351}},"s":{"0":357,"1":357,"2":357,"3":2663,"4":1203,"5":1203,"6":1203,"7":1203,"8":1203,"9":119,"10":1084,"11":1084,"12":1084,"13":0,"14":587,"15":587,"16":0,"17":587,"18":0,"19":142,"20":1,"21":1,"22":1,"23":1110,"24":1,"25":2042,"26":1,"27":607,"28":1,"29":1175,"30":1,"31":1,"32":1,"33":1,"34":25,"35":64,"36":2,"37":0,"38":2,"39":37,"40":14,"41":5,"42":10,"43":7,"44":2,"45":4,"46":0,"47":4,"48":3,"49":0,"50":3,"51":2,"52":1,"53":2,"54":1,"55":3,"56":0,"57":0,"58":0,"59":1,"60":178,"61":0,"62":178,"63":178,"64":178,"65":0,"66":1,"67":89,"68":89,"69":17,"70":72,"71":0,"72":72,"73":72,"74":72,"75":72,"76":260,"77":188,"78":188,"79":0,"80":188,"81":72,"82":72,"83":1,"84":114,"85":114,"86":114,"87":114,"88":114,"89":45,"90":45,"91":38,"92":38,"93":0,"94":38,"95":7,"96":76,"97":76,"98":76,"99":76,"100":156,"101":156,"102":57,"103":99,"104":76,"105":12,"106":64,"107":1,"108":63,"109":63,"110":63,"111":63,"112":63,"113":63,"114":1137,"115":1137,"116":200,"117":200,"118":76,"119":76,"120":124,"121":63,"122":200,"123":63,"124":0,"125":63,"126":63,"127":0,"128":63,"129":63,"130":63,"131":63,"132":10,"133":53,"134":36,"135":36,"136":36,"137":36,"138":2,"139":63,"140":11,"141":63,"142":63,"143":1,"144":182,"145":119,"146":119,"147":10,"148":109,"149":109,"150":119,"151":19,"152":27,"153":27,"154":1,"155":27,"156":119,"157":63,"158":119,"159":119,"160":119,"161":119,"162":119,"163":119,"164":1104,"165":1104,"166":134,"167":18,"168":18,"169":116,"170":116,"171":970,"172":866,"173":649,"174":217,"175":73,"176":73,"177":73,"178":800,"179":73,"180":144,"181":866,"182":104,"183":60,"184":44,"185":44,"186":26,"187":44,"188":44,"189":44,"190":0,"191":119,"192":142,"193":142,"194":142,"195":142,"196":142,"197":142,"198":303,"199":303,"200":303,"201":181,"202":181,"203":181,"204":181,"205":142,"206":142,"207":142,"208":142,"209":119,"210":119,"211":1},"f":{"0":357,"1":2663,"2":1203,"3":1203,"4":587,"5":142,"6":1110,"7":2042,"8":607,"9":1175,"10":25,"11":64,"12":2,"13":37,"14":14,"15":5,"16":10,"17":7,"18":2,"19":4,"20":3,"21":2,"22":1,"23":2,"24":1,"25":3,"26":0,"27":178,"28":89,"29":114,"30":63,"31":1137,"32":182,"33":119,"34":27,"35":1104},"b":{"0":[119],"1":[1203,0],"2":[119,1084],"3":[0],"4":[587,0],"5":[0,587],"6":[200,975],"7":[0,2],"8":[7,3],"9":[6,1],"10":[2,0],"11":[0,4],"12":[4,4],"13":[3,1],"14":[0,3],"15":[3,3],"16":[2,1],"17":[2,0],"18":[0,0],"19":[0],"20":[0,178],"21":[178,178],"22":[178,0],"23":[17,72],"24":[0,72],"25":[188,72],"26":[0,188],"27":[121,121],"28":[38,7],"29":[0,38],"30":[232,175],"31":[57,99],"32":[12,64],"33":[200,937],"34":[76,124],"35":[200,76],"36":[63,61],"37":[124,87,87],"38":[0,63],"39":[0,63],"40":[10,53],"41":[63,57,56,56,4],"42":[36,17],"43":[2,34],"44":[36,34,29,14,2],"45":[11,52],"46":[63,63,57,57],"47":[35],"48":[38],"49":[52],"50":[10,109],"51":[109,0],"52":[19,100],"53":[119,19],"54":[1,26],"55":[27,1],"56":[1104,0],"57":[134,970],"58":[18,116],"59":[134,18],"60":[866,104],"61":[649,217],"62":[866,752,163],"63":[73,144],"64":[217,158,107,90,16],"65":[60,44],"66":[44,0],"67":[44,44],"68":[26,18],"69":[44,31],"70":[181,122]},"_coverageSchema":"1a1c01bbd47fc00a2c39e90264f33305004495a9","hash":"3d8f513ec0fdca5c435c5fc890b085aa0d1c932d"}
}
