{"C:\\Users\\sebas\\Dev\\JS\\parsemath\\parsemath.js": {"path":"C:\\Users\\sebas\\Dev\\JS\\parsemath\\parsemath.js","statementMap":{"0":{"start":{"line":3,"column":2},"end":{"line":3,"column":16}},"1":{"start":{"line":4,"column":2},"end":{"line":4,"column":18}},"2":{"start":{"line":5,"column":2},"end":{"line":5,"column":16}},"3":{"start":{"line":9,"column":2},"end":{"line":9,"column":25}},"4":{"start":{"line":13,"column":2},"end":{"line":13,"column":22}},"5":{"start":{"line":14,"column":2},"end":{"line":14,"column":13}},"6":{"start":{"line":18,"column":2},"end":{"line":28,"column":3}},"7":{"start":{"line":19,"column":3},"end":{"line":19,"column":14}},"8":{"start":{"line":20,"column":3},"end":{"line":25,"column":4}},"9":{"start":{"line":20,"column":21},"end":{"line":20,"column":42}},"10":{"start":{"line":22,"column":24},"end":{"line":22,"column":37}},"11":{"start":{"line":23,"column":4},"end":{"line":23,"column":28}},"12":{"start":{"line":24,"column":4},"end":{"line":24,"column":23}},"13":{"start":{"line":27,"column":3},"end":{"line":27,"column":15}},"14":{"start":{"line":32,"column":2},"end":{"line":37,"column":3}},"15":{"start":{"line":33,"column":3},"end":{"line":34,"column":29}},"16":{"start":{"line":33,"column":21},"end":{"line":33,"column":46}},"17":{"start":{"line":34,"column":8},"end":{"line":34,"column":29}},"18":{"start":{"line":36,"column":3},"end":{"line":36,"column":15}},"19":{"start":{"line":41,"column":2},"end":{"line":41,"column":25}},"20":{"start":{"line":46,"column":20},"end":{"line":52,"column":1}},"21":{"start":{"line":54,"column":17},"end":{"line":59,"column":1}},"22":{"start":{"line":61,"column":19},"end":{"line":61,"column":50}},"23":{"start":{"line":61,"column":29},"end":{"line":61,"column":50}},"24":{"start":{"line":62,"column":18},"end":{"line":62,"column":48}},"25":{"start":{"line":62,"column":28},"end":{"line":62,"column":48}},"26":{"start":{"line":63,"column":17},"end":{"line":63,"column":47}},"27":{"start":{"line":63,"column":27},"end":{"line":63,"column":47}},"28":{"start":{"line":64,"column":18},"end":{"line":64,"column":86}},"29":{"start":{"line":64,"column":28},"end":{"line":64,"column":86}},"30":{"start":{"line":66,"column":27},"end":{"line":66,"column":28}},"31":{"start":{"line":68,"column":27},"end":{"line":103,"column":1}},"32":{"start":{"line":69,"column":1},"end":{"line":100,"column":2}},"33":{"start":{"line":71,"column":3},"end":{"line":71,"column":26}},"34":{"start":{"line":73,"column":3},"end":{"line":73,"column":25}},"35":{"start":{"line":75,"column":3},"end":{"line":75,"column":25}},"36":{"start":{"line":77,"column":3},"end":{"line":77,"column":25}},"37":{"start":{"line":79,"column":3},"end":{"line":79,"column":25}},"38":{"start":{"line":81,"column":3},"end":{"line":81,"column":28}},"39":{"start":{"line":83,"column":3},"end":{"line":83,"column":27}},"40":{"start":{"line":85,"column":3},"end":{"line":85,"column":27}},"41":{"start":{"line":87,"column":3},"end":{"line":87,"column":27}},"42":{"start":{"line":89,"column":3},"end":{"line":89,"column":28}},"43":{"start":{"line":91,"column":3},"end":{"line":91,"column":28}},"44":{"start":{"line":93,"column":3},"end":{"line":93,"column":28}},"45":{"start":{"line":95,"column":3},"end":{"line":95,"column":28}},"46":{"start":{"line":97,"column":3},"end":{"line":97,"column":28}},"47":{"start":{"line":99,"column":3},"end":{"line":99,"column":28}},"48":{"start":{"line":102,"column":1},"end":{"line":102,"column":13}},"49":{"start":{"line":106,"column":28},"end":{"line":136,"column":1}},"50":{"start":{"line":107,"column":24},"end":{"line":107,"column":62}},"51":{"start":{"line":108,"column":1},"end":{"line":135,"column":2}},"52":{"start":{"line":109,"column":2},"end":{"line":109,"column":15}},"53":{"start":{"line":111,"column":2},"end":{"line":134,"column":3}},"54":{"start":{"line":112,"column":3},"end":{"line":112,"column":25}},"55":{"start":{"line":114,"column":22},"end":{"line":114,"column":36}},"56":{"start":{"line":115,"column":27},"end":{"line":115,"column":31}},"57":{"start":{"line":116,"column":28},"end":{"line":116,"column":48}},"58":{"start":{"line":118,"column":3},"end":{"line":131,"column":4}},"59":{"start":{"line":119,"column":4},"end":{"line":130,"column":5}},"60":{"start":{"line":120,"column":5},"end":{"line":120,"column":72}},"61":{"start":{"line":122,"column":5},"end":{"line":127,"column":6}},"62":{"start":{"line":124,"column":6},"end":{"line":124,"column":26}},"63":{"start":{"line":126,"column":6},"end":{"line":126,"column":27}},"64":{"start":{"line":129,"column":5},"end":{"line":129,"column":31}},"65":{"start":{"line":133,"column":3},"end":{"line":133,"column":23}},"66":{"start":{"line":138,"column":28},"end":{"line":190,"column":1}},"67":{"start":{"line":139,"column":24},"end":{"line":139,"column":42}},"68":{"start":{"line":140,"column":28},"end":{"line":140,"column":29}},"69":{"start":{"line":141,"column":16},"end":{"line":141,"column":18}},"70":{"start":{"line":142,"column":23},"end":{"line":142,"column":25}},"71":{"start":{"line":143,"column":22},"end":{"line":143,"column":24}},"72":{"start":{"line":145,"column":1},"end":{"line":160,"column":4}},"73":{"start":{"line":146,"column":23},"end":{"line":146,"column":47}},"74":{"start":{"line":148,"column":2},"end":{"line":159,"column":3}},"75":{"start":{"line":149,"column":24},"end":{"line":149,"column":62}},"76":{"start":{"line":151,"column":3},"end":{"line":156,"column":4}},"77":{"start":{"line":152,"column":4},"end":{"line":152,"column":28}},"78":{"start":{"line":153,"column":4},"end":{"line":153,"column":26}},"79":{"start":{"line":154,"column":10},"end":{"line":156,"column":4}},"80":{"start":{"line":155,"column":4},"end":{"line":155,"column":25}},"81":{"start":{"line":158,"column":3},"end":{"line":158,"column":39}},"82":{"start":{"line":162,"column":27},"end":{"line":162,"column":82}},"83":{"start":{"line":163,"column":31},"end":{"line":163,"column":59}},"84":{"start":{"line":165,"column":17},"end":{"line":165,"column":55}},"85":{"start":{"line":166,"column":16},"end":{"line":166,"column":71}},"86":{"start":{"line":168,"column":1},"end":{"line":177,"column":2}},"87":{"start":{"line":170,"column":2},"end":{"line":170,"column":19}},"88":{"start":{"line":171,"column":8},"end":{"line":177,"column":2}},"89":{"start":{"line":173,"column":20},"end":{"line":173,"column":50}},"90":{"start":{"line":175,"column":2},"end":{"line":175,"column":74}},"91":{"start":{"line":176,"column":2},"end":{"line":176,"column":83}},"92":{"start":{"line":179,"column":1},"end":{"line":185,"column":2}},"93":{"start":{"line":181,"column":2},"end":{"line":181,"column":28}},"94":{"start":{"line":182,"column":8},"end":{"line":185,"column":2}},"95":{"start":{"line":184,"column":2},"end":{"line":184,"column":28}},"96":{"start":{"line":187,"column":20},"end":{"line":187,"column":66}},"97":{"start":{"line":189,"column":1},"end":{"line":189,"column":19}},"98":{"start":{"line":192,"column":24},"end":{"line":192,"column":64}},"99":{"start":{"line":192,"column":36},"end":{"line":192,"column":64}},"100":{"start":{"line":196,"column":1},"end":{"line":196,"column":35}},"101":{"start":{"line":198,"column":1},"end":{"line":200,"column":2}},"102":{"start":{"line":199,"column":2},"end":{"line":199,"column":43}},"103":{"start":{"line":202,"column":24},"end":{"line":202,"column":42}},"104":{"start":{"line":204,"column":17},"end":{"line":204,"column":28}},"105":{"start":{"line":205,"column":19},"end":{"line":205,"column":30}},"106":{"start":{"line":206,"column":24},"end":{"line":206,"column":35}},"107":{"start":{"line":208,"column":16},"end":{"line":208,"column":26}},"108":{"start":{"line":210,"column":1},"end":{"line":246,"column":4}},"109":{"start":{"line":211,"column":2},"end":{"line":245,"column":3}},"110":{"start":{"line":212,"column":3},"end":{"line":244,"column":4}},"111":{"start":{"line":213,"column":4},"end":{"line":221,"column":5}},"112":{"start":{"line":215,"column":5},"end":{"line":215,"column":40}},"113":{"start":{"line":216,"column":5},"end":{"line":216,"column":25}},"114":{"start":{"line":219,"column":5},"end":{"line":219,"column":35}},"115":{"start":{"line":220,"column":5},"end":{"line":220,"column":27}},"116":{"start":{"line":222,"column":10},"end":{"line":244,"column":4}},"117":{"start":{"line":224,"column":4},"end":{"line":239,"column":5}},"118":{"start":{"line":226,"column":5},"end":{"line":226,"column":40}},"119":{"start":{"line":227,"column":11},"end":{"line":239,"column":5}},"120":{"start":{"line":229,"column":5},"end":{"line":229,"column":40}},"121":{"start":{"line":231,"column":33},"end":{"line":231,"column":35}},"122":{"start":{"line":232,"column":5},"end":{"line":234,"column":6}},"123":{"start":{"line":233,"column":6},"end":{"line":233,"column":53}},"124":{"start":{"line":236,"column":5},"end":{"line":236,"column":41}},"125":{"start":{"line":238,"column":5},"end":{"line":238,"column":33}},"126":{"start":{"line":241,"column":4},"end":{"line":241,"column":24}},"127":{"start":{"line":242,"column":10},"end":{"line":244,"column":4}},"128":{"start":{"line":243,"column":4},"end":{"line":243,"column":29}},"129":{"start":{"line":248,"column":1},"end":{"line":270,"column":2}},"130":{"start":{"line":249,"column":24},"end":{"line":249,"column":27}},"131":{"start":{"line":250,"column":29},"end":{"line":250,"column":47}},"132":{"start":{"line":251,"column":29},"end":{"line":251,"column":31}},"133":{"start":{"line":252,"column":24},"end":{"line":252,"column":32}},"134":{"start":{"line":254,"column":2},"end":{"line":264,"column":3}},"135":{"start":{"line":254,"column":17},"end":{"line":254,"column":18}},"136":{"start":{"line":255,"column":30},"end":{"line":255,"column":49}},"137":{"start":{"line":256,"column":35},"end":{"line":256,"column":66}},"138":{"start":{"line":258,"column":3},"end":{"line":263,"column":4}},"139":{"start":{"line":259,"column":4},"end":{"line":259,"column":41}},"140":{"start":{"line":260,"column":4},"end":{"line":260,"column":51}},"141":{"start":{"line":261,"column":4},"end":{"line":261,"column":31}},"142":{"start":{"line":262,"column":4},"end":{"line":262,"column":37}},"143":{"start":{"line":266,"column":26},"end":{"line":266,"column":153}},"144":{"start":{"line":267,"column":2},"end":{"line":267,"column":34}},"145":{"start":{"line":268,"column":2},"end":{"line":268,"column":66}},"146":{"start":{"line":269,"column":2},"end":{"line":269,"column":38}},"147":{"start":{"line":272,"column":1},"end":{"line":272,"column":30}},"148":{"start":{"line":275,"column":0},"end":{"line":275,"column":62}},"149":{"start":{"line":277,"column":0},"end":{"line":277,"column":27}}},"fnMap":{"0":{"name":"(anonymous_0)","decl":{"start":{"line":2,"column":1},"end":{"line":2,"column":2}},"loc":{"start":{"line":2,"column":15},"end":{"line":6,"column":2}},"line":2},"1":{"name":"(anonymous_1)","decl":{"start":{"line":8,"column":1},"end":{"line":8,"column":2}},"loc":{"start":{"line":8,"column":11},"end":{"line":10,"column":2}},"line":8},"2":{"name":"(anonymous_2)","decl":{"start":{"line":12,"column":1},"end":{"line":12,"column":2}},"loc":{"start":{"line":12,"column":12},"end":{"line":15,"column":2}},"line":12},"3":{"name":"(anonymous_3)","decl":{"start":{"line":17,"column":1},"end":{"line":17,"column":2}},"loc":{"start":{"line":17,"column":17},"end":{"line":29,"column":2}},"line":17},"4":{"name":"(anonymous_4)","decl":{"start":{"line":31,"column":1},"end":{"line":31,"column":2}},"loc":{"start":{"line":31,"column":18},"end":{"line":38,"column":2}},"line":31},"5":{"name":"(anonymous_5)","decl":{"start":{"line":40,"column":1},"end":{"line":40,"column":2}},"loc":{"start":{"line":40,"column":22},"end":{"line":42,"column":2}},"line":40},"6":{"name":"(anonymous_6)","decl":{"start":{"line":61,"column":19},"end":{"line":61,"column":20}},"loc":{"start":{"line":61,"column":29},"end":{"line":61,"column":50}},"line":61},"7":{"name":"(anonymous_7)","decl":{"start":{"line":62,"column":18},"end":{"line":62,"column":19}},"loc":{"start":{"line":62,"column":28},"end":{"line":62,"column":48}},"line":62},"8":{"name":"(anonymous_8)","decl":{"start":{"line":63,"column":17},"end":{"line":63,"column":18}},"loc":{"start":{"line":63,"column":27},"end":{"line":63,"column":47}},"line":63},"9":{"name":"(anonymous_9)","decl":{"start":{"line":64,"column":18},"end":{"line":64,"column":19}},"loc":{"start":{"line":64,"column":28},"end":{"line":64,"column":86}},"line":64},"10":{"name":"(anonymous_10)","decl":{"start":{"line":68,"column":27},"end":{"line":68,"column":28}},"loc":{"start":{"line":68,"column":63},"end":{"line":103,"column":1}},"line":68},"11":{"name":"(anonymous_11)","decl":{"start":{"line":106,"column":28},"end":{"line":106,"column":29}},"loc":{"start":{"line":106,"column":41},"end":{"line":136,"column":1}},"line":106},"12":{"name":"(anonymous_12)","decl":{"start":{"line":138,"column":28},"end":{"line":138,"column":29}},"loc":{"start":{"line":138,"column":40},"end":{"line":190,"column":1}},"line":138},"13":{"name":"(anonymous_13)","decl":{"start":{"line":145,"column":24},"end":{"line":145,"column":25}},"loc":{"start":{"line":145,"column":48},"end":{"line":160,"column":2}},"line":145},"14":{"name":"(anonymous_14)","decl":{"start":{"line":192,"column":24},"end":{"line":192,"column":25}},"loc":{"start":{"line":192,"column":36},"end":{"line":192,"column":64}},"line":192},"15":{"name":"ParseMath","decl":{"start":{"line":195,"column":9},"end":{"line":195,"column":18}},"loc":{"start":{"line":195,"column":29},"end":{"line":273,"column":1}},"line":195},"16":{"name":"(anonymous_16)","decl":{"start":{"line":210,"column":24},"end":{"line":210,"column":25}},"loc":{"start":{"line":210,"column":48},"end":{"line":246,"column":2}},"line":210}},"branchMap":{"0":{"loc":{"start":{"line":17,"column":5},"end":{"line":17,"column":15}},"type":"default-arg","locations":[{"start":{"line":17,"column":11},"end":{"line":17,"column":15}}],"line":17},"1":{"loc":{"start":{"line":18,"column":2},"end":{"line":28,"column":3}},"type":"if","locations":[{"start":{"line":18,"column":2},"end":{"line":28,"column":3}},{"start":{"line":26,"column":9},"end":{"line":28,"column":3}}],"line":18},"2":{"loc":{"start":{"line":20,"column":3},"end":{"line":25,"column":4}},"type":"if","locations":[{"start":{"line":20,"column":3},"end":{"line":25,"column":4}},{"start":{"line":21,"column":8},"end":{"line":25,"column":4}}],"line":20},"3":{"loc":{"start":{"line":31,"column":6},"end":{"line":31,"column":16}},"type":"default-arg","locations":[{"start":{"line":31,"column":12},"end":{"line":31,"column":16}}],"line":31},"4":{"loc":{"start":{"line":32,"column":2},"end":{"line":37,"column":3}},"type":"if","locations":[{"start":{"line":32,"column":2},"end":{"line":37,"column":3}},{"start":{"line":35,"column":9},"end":{"line":37,"column":3}}],"line":32},"5":{"loc":{"start":{"line":33,"column":3},"end":{"line":34,"column":29}},"type":"if","locations":[{"start":{"line":33,"column":3},"end":{"line":34,"column":29}},{"start":{"line":34,"column":8},"end":{"line":34,"column":29}}],"line":33},"6":{"loc":{"start":{"line":64,"column":28},"end":{"line":64,"column":86}},"type":"cond-expr","locations":[{"start":{"line":64,"column":49},"end":{"line":64,"column":73}},{"start":{"line":64,"column":76},"end":{"line":64,"column":86}}],"line":64},"7":{"loc":{"start":{"line":68,"column":47},"end":{"line":68,"column":58}},"type":"default-arg","locations":[{"start":{"line":68,"column":57},"end":{"line":68,"column":58}}],"line":68},"8":{"loc":{"start":{"line":69,"column":1},"end":{"line":100,"column":2}},"type":"switch","locations":[{"start":{"line":70,"column":2},"end":{"line":71,"column":26}},{"start":{"line":72,"column":2},"end":{"line":73,"column":25}},{"start":{"line":74,"column":2},"end":{"line":75,"column":25}},{"start":{"line":76,"column":2},"end":{"line":77,"column":25}},{"start":{"line":78,"column":2},"end":{"line":79,"column":25}},{"start":{"line":80,"column":2},"end":{"line":81,"column":28}},{"start":{"line":82,"column":2},"end":{"line":83,"column":27}},{"start":{"line":84,"column":2},"end":{"line":85,"column":27}},{"start":{"line":86,"column":2},"end":{"line":87,"column":27}},{"start":{"line":88,"column":2},"end":{"line":89,"column":28}},{"start":{"line":90,"column":2},"end":{"line":91,"column":28}},{"start":{"line":92,"column":2},"end":{"line":93,"column":28}},{"start":{"line":94,"column":2},"end":{"line":95,"column":28}},{"start":{"line":96,"column":2},"end":{"line":97,"column":28}},{"start":{"line":98,"column":2},"end":{"line":99,"column":28}}],"line":69},"9":{"loc":{"start":{"line":108,"column":1},"end":{"line":135,"column":2}},"type":"if","locations":[{"start":{"line":108,"column":1},"end":{"line":135,"column":2}},{"start":{"line":110,"column":8},"end":{"line":135,"column":2}}],"line":108},"10":{"loc":{"start":{"line":111,"column":2},"end":{"line":134,"column":3}},"type":"if","locations":[{"start":{"line":111,"column":2},"end":{"line":134,"column":3}},{"start":{"line":113,"column":9},"end":{"line":134,"column":3}}],"line":111},"11":{"loc":{"start":{"line":119,"column":4},"end":{"line":130,"column":5}},"type":"if","locations":[{"start":{"line":119,"column":4},"end":{"line":130,"column":5}},{"start":{"line":128,"column":11},"end":{"line":130,"column":5}}],"line":119},"12":{"loc":{"start":{"line":122,"column":5},"end":{"line":127,"column":6}},"type":"if","locations":[{"start":{"line":122,"column":5},"end":{"line":127,"column":6}},{"start":{"line":125,"column":12},"end":{"line":127,"column":6}}],"line":122},"13":{"loc":{"start":{"line":148,"column":2},"end":{"line":159,"column":3}},"type":"if","locations":[{"start":{"line":148,"column":2},"end":{"line":159,"column":3}},{"start":{},"end":{}}],"line":148},"14":{"loc":{"start":{"line":151,"column":3},"end":{"line":156,"column":4}},"type":"if","locations":[{"start":{"line":151,"column":3},"end":{"line":156,"column":4}},{"start":{"line":154,"column":10},"end":{"line":156,"column":4}}],"line":151},"15":{"loc":{"start":{"line":151,"column":7},"end":{"line":151,"column":55}},"type":"binary-expr","locations":[{"start":{"line":151,"column":7},"end":{"line":151,"column":30}},{"start":{"line":151,"column":34},"end":{"line":151,"column":55}}],"line":151},"16":{"loc":{"start":{"line":154,"column":10},"end":{"line":156,"column":4}},"type":"if","locations":[{"start":{"line":154,"column":10},"end":{"line":156,"column":4}},{"start":{},"end":{}}],"line":154},"17":{"loc":{"start":{"line":154,"column":14},"end":{"line":154,"column":99}},"type":"binary-expr","locations":[{"start":{"line":154,"column":14},"end":{"line":154,"column":47}},{"start":{"line":154,"column":51},"end":{"line":154,"column":74}},{"start":{"line":154,"column":78},"end":{"line":154,"column":99}}],"line":154},"18":{"loc":{"start":{"line":168,"column":1},"end":{"line":177,"column":2}},"type":"if","locations":[{"start":{"line":168,"column":1},"end":{"line":177,"column":2}},{"start":{"line":171,"column":8},"end":{"line":177,"column":2}}],"line":168},"19":{"loc":{"start":{"line":171,"column":8},"end":{"line":177,"column":2}},"type":"if","locations":[{"start":{"line":171,"column":8},"end":{"line":177,"column":2}},{"start":{},"end":{}}],"line":171},"20":{"loc":{"start":{"line":179,"column":1},"end":{"line":185,"column":2}},"type":"if","locations":[{"start":{"line":179,"column":1},"end":{"line":185,"column":2}},{"start":{"line":182,"column":8},"end":{"line":185,"column":2}}],"line":179},"21":{"loc":{"start":{"line":182,"column":8},"end":{"line":185,"column":2}},"type":"if","locations":[{"start":{"line":182,"column":8},"end":{"line":185,"column":2}},{"start":{},"end":{}}],"line":182},"22":{"loc":{"start":{"line":211,"column":2},"end":{"line":245,"column":3}},"type":"if","locations":[{"start":{"line":211,"column":2},"end":{"line":245,"column":3}},{"start":{},"end":{}}],"line":211},"23":{"loc":{"start":{"line":212,"column":3},"end":{"line":244,"column":4}},"type":"if","locations":[{"start":{"line":212,"column":3},"end":{"line":244,"column":4}},{"start":{"line":222,"column":10},"end":{"line":244,"column":4}}],"line":212},"24":{"loc":{"start":{"line":213,"column":4},"end":{"line":221,"column":5}},"type":"if","locations":[{"start":{"line":213,"column":4},"end":{"line":221,"column":5}},{"start":{"line":217,"column":11},"end":{"line":221,"column":5}}],"line":213},"25":{"loc":{"start":{"line":213,"column":8},"end":{"line":213,"column":56}},"type":"binary-expr","locations":[{"start":{"line":213,"column":8},"end":{"line":213,"column":31}},{"start":{"line":213,"column":35},"end":{"line":213,"column":56}}],"line":213},"26":{"loc":{"start":{"line":222,"column":10},"end":{"line":244,"column":4}},"type":"if","locations":[{"start":{"line":222,"column":10},"end":{"line":244,"column":4}},{"start":{"line":242,"column":10},"end":{"line":244,"column":4}}],"line":222},"27":{"loc":{"start":{"line":224,"column":4},"end":{"line":239,"column":5}},"type":"if","locations":[{"start":{"line":224,"column":4},"end":{"line":239,"column":5}},{"start":{"line":227,"column":11},"end":{"line":239,"column":5}}],"line":224},"28":{"loc":{"start":{"line":224,"column":8},"end":{"line":224,"column":112}},"type":"binary-expr","locations":[{"start":{"line":224,"column":8},"end":{"line":224,"column":35}},{"start":{"line":224,"column":40},"end":{"line":224,"column":75}},{"start":{"line":224,"column":79},"end":{"line":224,"column":111}}],"line":224},"29":{"loc":{"start":{"line":227,"column":11},"end":{"line":239,"column":5}},"type":"if","locations":[{"start":{"line":227,"column":11},"end":{"line":239,"column":5}},{"start":{"line":237,"column":11},"end":{"line":239,"column":5}}],"line":227},"30":{"loc":{"start":{"line":227,"column":15},"end":{"line":227,"column":164}},"type":"binary-expr","locations":[{"start":{"line":227,"column":15},"end":{"line":227,"column":24}},{"start":{"line":227,"column":29},"end":{"line":227,"column":64}},{"start":{"line":227,"column":68},"end":{"line":227,"column":100}},{"start":{"line":227,"column":105},"end":{"line":227,"column":137}},{"start":{"line":227,"column":141},"end":{"line":227,"column":162}}],"line":227},"31":{"loc":{"start":{"line":242,"column":10},"end":{"line":244,"column":4}},"type":"if","locations":[{"start":{"line":242,"column":10},"end":{"line":244,"column":4}},{"start":{},"end":{}}],"line":242},"32":{"loc":{"start":{"line":258,"column":3},"end":{"line":263,"column":4}},"type":"if","locations":[{"start":{"line":258,"column":3},"end":{"line":263,"column":4}},{"start":{},"end":{}}],"line":258}},"s":{"0":147,"1":147,"2":147,"3":1093,"4":511,"5":511,"6":511,"7":511,"8":511,"9":49,"10":462,"11":462,"12":462,"13":0,"14":171,"15":171,"16":0,"17":171,"18":0,"19":43,"20":1,"21":1,"22":1,"23":476,"24":1,"25":894,"26":1,"27":185,"28":1,"29":728,"30":1,"31":1,"32":60,"33":5,"34":14,"35":1,"36":19,"37":4,"38":2,"39":3,"40":1,"41":1,"42":2,"43":2,"44":2,"45":2,"46":1,"47":1,"48":0,"49":1,"50":43,"51":43,"52":9,"53":34,"54":0,"55":34,"56":34,"57":34,"58":34,"59":142,"60":108,"61":108,"62":0,"63":108,"64":34,"65":34,"66":1,"67":30,"68":30,"69":30,"70":30,"71":30,"72":30,"73":728,"74":728,"75":98,"76":98,"77":34,"78":34,"79":64,"80":30,"81":98,"82":30,"83":30,"84":30,"85":30,"86":30,"87":4,"88":26,"89":17,"90":17,"91":17,"92":30,"93":0,"94":30,"95":3,"96":30,"97":30,"98":1,"99":79,"100":49,"101":49,"102":30,"103":49,"104":49,"105":49,"106":49,"107":49,"108":49,"109":528,"110":476,"111":52,"112":9,"113":9,"114":43,"115":43,"116":424,"117":394,"118":302,"119":92,"120":35,"121":35,"122":35,"123":376,"124":35,"125":57,"126":394,"127":30,"128":30,"129":49,"130":43,"131":43,"132":43,"133":43,"134":43,"135":43,"136":85,"137":85,"138":85,"139":56,"140":56,"141":56,"142":56,"143":43,"144":43,"145":43,"146":43,"147":49,"148":1,"149":1},"f":{"0":147,"1":1093,"2":511,"3":511,"4":171,"5":43,"6":476,"7":894,"8":185,"9":728,"10":60,"11":43,"12":30,"13":728,"14":79,"15":49,"16":528},"b":{"0":[49],"1":[511,0],"2":[49,462],"3":[0],"4":[171,0],"5":[0,171],"6":[98,630],"7":[17],"8":[5,14,1,19,4,2,3,1,1,2,2,2,2,1,1],"9":[9,34],"10":[0,34],"11":[108,34],"12":[0,108],"13":[98,630],"14":[34,64],"15":[98,34],"16":[30,34],"17":[64,45,45],"18":[4,26],"19":[17,9],"20":[0,30],"21":[3,27],"22":[476,52],"23":[52,424],"24":[9,43],"25":[52,9],"26":[394,30],"27":[302,92],"28":[394,345,73],"29":[35,57],"30":[92,65,43,32,2],"31":[30,0],"32":[56,29]},"_coverageSchema":"1a1c01bbd47fc00a2c39e90264f33305004495a9","hash":"8cc8e193db9f5ee40d7171706c5aac861bc16372"}
}
