TN:
SF:parsemath.js
FN:2,(anonymous_0)
FN:8,(anonymous_1)
FN:12,(anonymous_2)
FN:17,(anonymous_3)
FN:31,(anonymous_4)
FN:40,(anonymous_5)
FN:61,(anonymous_6)
FN:62,(anonymous_7)
FN:63,(anonymous_8)
FN:64,(anonymous_9)
FN:68,(anonymous_10)
FN:106,(anonymous_11)
FN:138,(anonymous_12)
FN:145,(anonymous_13)
FN:192,(anonymous_14)
FN:195,ParseMath
FN:210,(anonymous_16)
FNF:17
FNH:17
FNDA:147,(anonymous_0)
FNDA:1093,(anonymous_1)
FNDA:511,(anonymous_2)
FNDA:511,(anonymous_3)
FNDA:171,(anonymous_4)
FNDA:43,(anonymous_5)
FNDA:476,(anonymous_6)
FNDA:894,(anonymous_7)
FNDA:185,(anonymous_8)
FNDA:728,(anonymous_9)
FNDA:60,(anonymous_10)
FNDA:43,(anonymous_11)
FNDA:30,(anonymous_12)
FNDA:728,(anonymous_13)
FNDA:79,(anonymous_14)
FNDA:49,ParseMath
FNDA:528,(anonymous_16)
DA:3,147
DA:4,147
DA:5,147
DA:9,1093
DA:13,511
DA:14,511
DA:18,511
DA:19,511
DA:20,511
DA:22,462
DA:23,462
DA:24,462
DA:27,0
DA:32,171
DA:33,171
DA:34,171
DA:36,0
DA:41,43
DA:46,1
DA:54,1
DA:61,476
DA:62,894
DA:63,185
DA:64,728
DA:66,1
DA:68,1
DA:69,60
DA:71,5
DA:73,14
DA:75,1
DA:77,19
DA:79,4
DA:81,2
DA:83,3
DA:85,1
DA:87,1
DA:89,2
DA:91,2
DA:93,2
DA:95,2
DA:97,1
DA:99,1
DA:102,0
DA:106,1
DA:107,43
DA:108,43
DA:109,9
DA:111,34
DA:112,0
DA:114,34
DA:115,34
DA:116,34
DA:118,34
DA:119,142
DA:120,108
DA:122,108
DA:124,0
DA:126,108
DA:129,34
DA:133,34
DA:138,1
DA:139,30
DA:140,30
DA:141,30
DA:142,30
DA:143,30
DA:145,30
DA:146,728
DA:148,728
DA:149,98
DA:151,98
DA:152,34
DA:153,34
DA:154,64
DA:155,30
DA:158,98
DA:162,30
DA:163,30
DA:165,30
DA:166,30
DA:168,30
DA:170,4
DA:171,26
DA:173,17
DA:175,17
DA:176,17
DA:179,30
DA:181,0
DA:182,30
DA:184,3
DA:187,30
DA:189,30
DA:192,79
DA:196,49
DA:198,49
DA:199,30
DA:202,49
DA:204,49
DA:205,49
DA:206,49
DA:208,49
DA:210,49
DA:211,528
DA:212,476
DA:213,52
DA:215,9
DA:216,9
DA:219,43
DA:220,43
DA:222,424
DA:224,394
DA:226,302
DA:227,92
DA:229,35
DA:231,35
DA:232,35
DA:233,376
DA:236,35
DA:238,57
DA:241,394
DA:242,30
DA:243,30
DA:248,49
DA:249,43
DA:250,43
DA:251,43
DA:252,43
DA:254,43
DA:255,85
DA:256,85
DA:258,85
DA:259,56
DA:260,56
DA:261,56
DA:262,56
DA:266,43
DA:267,43
DA:268,43
DA:269,43
DA:272,49
DA:275,1
DA:277,1
LF:142
LH:136
BRDA:17,0,0,49
BRDA:18,1,0,511
BRDA:18,1,1,0
BRDA:20,2,0,49
BRDA:20,2,1,462
BRDA:31,3,0,0
BRDA:32,4,0,171
BRDA:32,4,1,0
BRDA:33,5,0,0
BRDA:33,5,1,171
BRDA:64,6,0,98
BRDA:64,6,1,630
BRDA:68,7,0,17
BRDA:69,8,0,5
BRDA:69,8,1,14
BRDA:69,8,2,1
BRDA:69,8,3,19
BRDA:69,8,4,4
BRDA:69,8,5,2
BRDA:69,8,6,3
BRDA:69,8,7,1
BRDA:69,8,8,1
BRDA:69,8,9,2
BRDA:69,8,10,2
BRDA:69,8,11,2
BRDA:69,8,12,2
BRDA:69,8,13,1
BRDA:69,8,14,1
BRDA:108,9,0,9
BRDA:108,9,1,34
BRDA:111,10,0,0
BRDA:111,10,1,34
BRDA:119,11,0,108
BRDA:119,11,1,34
BRDA:122,12,0,0
BRDA:122,12,1,108
BRDA:148,13,0,98
BRDA:148,13,1,630
BRDA:151,14,0,34
BRDA:151,14,1,64
BRDA:151,15,0,98
BRDA:151,15,1,34
BRDA:154,16,0,30
BRDA:154,16,1,34
BRDA:154,17,0,64
BRDA:154,17,1,45
BRDA:154,17,2,45
BRDA:168,18,0,4
BRDA:168,18,1,26
BRDA:171,19,0,17
BRDA:171,19,1,9
BRDA:179,20,0,0
BRDA:179,20,1,30
BRDA:182,21,0,3
BRDA:182,21,1,27
BRDA:211,22,0,476
BRDA:211,22,1,52
BRDA:212,23,0,52
BRDA:212,23,1,424
BRDA:213,24,0,9
BRDA:213,24,1,43
BRDA:213,25,0,52
BRDA:213,25,1,9
BRDA:222,26,0,394
BRDA:222,26,1,30
BRDA:224,27,0,302
BRDA:224,27,1,92
BRDA:224,28,0,394
BRDA:224,28,1,345
BRDA:224,28,2,73
BRDA:227,29,0,35
BRDA:227,29,1,57
BRDA:227,30,0,92
BRDA:227,30,1,65
BRDA:227,30,2,43
BRDA:227,30,3,32
BRDA:227,30,4,2
BRDA:242,31,0,30
BRDA:242,31,1,0
BRDA:258,32,0,56
BRDA:258,32,1,29
BRF:81
BRH:73
end_of_record
