TN:
SF:parsemath.js
FN:2,(anonymous_0)
FN:8,(anonymous_1)
FN:12,(anonymous_2)
FN:17,(anonymous_3)
FN:31,(anonymous_4)
FN:40,(anonymous_5)
FN:61,(anonymous_6)
FN:62,(anonymous_7)
FN:63,(anonymous_8)
FN:64,(anonymous_9)
FN:74,(anonymous_10)
FN:75,(anonymous_11)
FN:76,(anonymous_12)
FN:77,(anonymous_13)
FN:78,(anonymous_14)
FN:79,(anonymous_15)
FN:80,(anonymous_16)
FN:81,(anonymous_17)
FN:82,(anonymous_18)
FN:83,(anonymous_19)
FN:84,(anonymous_20)
FN:85,(anonymous_21)
FN:86,(anonymous_22)
FN:87,(anonymous_23)
FN:88,(anonymous_24)
FN:91,(anonymous_25)
FN:98,(anonymous_26)
FN:130,(anonymous_27)
FN:170,(anonymous_28)
FN:177,(anonymous_29)
FN:221,(anonymous_30)
FN:224,ParseMath
FN:234,(anonymous_32)
FN:255,(anonymous_33)
FNF:34
FNH:34
FNDA:255,(anonymous_0)
FNDA:1724,(anonymous_1)
FNDA:753,(anonymous_2)
FNDA:753,(anonymous_3)
FNDA:490,(anonymous_4)
FNDA:114,(anonymous_5)
FNDA:689,(anonymous_6)
FNDA:1213,(anonymous_7)
FNDA:350,(anonymous_8)
FNDA:709,(anonymous_9)
FNDA:19,(anonymous_10)
FNDA:50,(anonymous_11)
FNDA:2,(anonymous_12)
FNDA:30,(anonymous_13)
FNDA:13,(anonymous_14)
FNDA:2,(anonymous_15)
FNDA:5,(anonymous_16)
FNDA:3,(anonymous_17)
FNDA:1,(anonymous_18)
FNDA:2,(anonymous_19)
FNDA:1,(anonymous_20)
FNDA:1,(anonymous_21)
FNDA:1,(anonymous_22)
FNDA:1,(anonymous_23)
FNDA:1,(anonymous_24)
FNDA:132,(anonymous_25)
FNDA:52,(anonymous_26)
FNDA:75,(anonymous_27)
FNDA:41,(anonymous_28)
FNDA:677,(anonymous_29)
FNDA:126,(anonymous_30)
FNDA:85,ParseMath
FNDA:20,(anonymous_32)
FNDA:689,(anonymous_33)
DA:3,255
DA:4,255
DA:5,255
DA:9,1724
DA:13,753
DA:14,753
DA:18,753
DA:19,753
DA:20,753
DA:22,668
DA:23,668
DA:24,668
DA:27,0
DA:32,490
DA:33,490
DA:34,490
DA:36,0
DA:41,114
DA:46,1
DA:54,1
DA:61,689
DA:62,1213
DA:63,350
DA:64,709
DA:66,1
DA:67,1
DA:71,1
DA:73,1
DA:74,19
DA:75,50
DA:76,2
DA:77,30
DA:78,13
DA:79,2
DA:80,5
DA:81,3
DA:82,1
DA:83,2
DA:84,1
DA:85,1
DA:86,1
DA:87,1
DA:88,1
DA:91,1
DA:92,132
DA:93,132
DA:94,0
DA:98,1
DA:99,52
DA:100,52
DA:101,16
DA:103,36
DA:104,0
DA:106,36
DA:107,36
DA:108,36
DA:110,36
DA:111,138
DA:112,102
DA:114,102
DA:116,0
DA:118,102
DA:121,36
DA:125,36
DA:130,1
DA:131,75
DA:133,75
DA:134,75
DA:135,75
DA:137,75
DA:138,38
DA:139,38
DA:140,32
DA:141,32
DA:142,0
DA:143,32
DA:145,6
DA:149,43
DA:150,43
DA:151,43
DA:153,43
DA:154,87
DA:155,87
DA:156,34
DA:158,53
DA:162,43
DA:164,9
DA:166,34
DA:170,1
DA:171,41
DA:172,41
DA:173,41
DA:174,41
DA:175,41
DA:177,41
DA:178,677
DA:180,677
DA:181,128
DA:183,128
DA:184,45
DA:185,45
DA:186,83
DA:187,41
DA:190,128
DA:194,41
DA:195,41
DA:197,41
DA:198,41
DA:200,41
DA:202,7
DA:203,34
DA:205,18
DA:207,18
DA:208,18
DA:211,41
DA:213,7
DA:216,41
DA:218,41
DA:221,126
DA:225,85
DA:228,85
DA:229,82
DA:230,82
DA:233,85
DA:234,12
DA:235,20
DA:236,20
DA:237,1
DA:239,20
DA:243,85
DA:244,41
DA:247,85
DA:249,85
DA:250,85
DA:251,85
DA:253,85
DA:255,85
DA:256,689
DA:257,689
DA:258,102
DA:260,11
DA:261,11
DA:264,91
DA:265,91
DA:267,587
DA:269,514
DA:271,353
DA:272,161
DA:274,41
DA:276,41
DA:277,41
DA:278,440
DA:281,41
DA:283,120
DA:286,514
DA:287,73
DA:288,35
DA:289,38
DA:292,38
DA:294,23
DA:297,38
DA:298,38
DA:299,38
DA:304,85
DA:305,114
DA:306,114
DA:307,114
DA:308,114
DA:310,114
DA:311,262
DA:312,262
DA:314,262
DA:315,150
DA:316,150
DA:317,150
DA:318,150
DA:322,114
DA:323,114
DA:324,114
DA:325,114
DA:328,85
DA:329,85
DA:332,1
LF:183
LH:177
BRDA:17,0,0,85
BRDA:18,1,0,753
BRDA:18,1,1,0
BRDA:20,2,0,85
BRDA:20,2,1,668
BRDA:31,3,0,0
BRDA:32,4,0,490
BRDA:32,4,1,0
BRDA:33,5,0,0
BRDA:33,5,1,490
BRDA:64,6,0,128
BRDA:64,6,1,581
BRDA:91,7,0,18
BRDA:93,8,0,132
BRDA:93,8,1,0
BRDA:100,9,0,16
BRDA:100,9,1,36
BRDA:103,10,0,0
BRDA:103,10,1,36
BRDA:111,11,0,102
BRDA:111,11,1,36
BRDA:114,12,0,0
BRDA:114,12,1,102
BRDA:137,13,0,81
BRDA:137,13,1,81
BRDA:139,14,0,32
BRDA:139,14,1,6
BRDA:141,15,0,0
BRDA:141,15,1,32
BRDA:153,16,0,130
BRDA:153,16,1,96
BRDA:155,17,0,34
BRDA:155,17,1,53
BRDA:162,18,0,9
BRDA:162,18,1,34
BRDA:180,19,0,128
BRDA:180,19,1,549
BRDA:183,20,0,45
BRDA:183,20,1,83
BRDA:183,21,0,128
BRDA:183,21,1,45
BRDA:186,22,0,41
BRDA:186,22,1,42
BRDA:186,23,0,83
BRDA:186,23,1,60
BRDA:186,23,2,60
BRDA:200,24,0,7
BRDA:200,24,1,34
BRDA:200,25,0,41
BRDA:200,25,1,37
BRDA:200,25,2,37
BRDA:203,26,0,18
BRDA:203,26,1,16
BRDA:211,27,0,7
BRDA:211,27,1,34
BRDA:211,28,0,41
BRDA:211,28,1,41
BRDA:211,28,2,35
BRDA:224,29,0,30
BRDA:224,30,0,33
BRDA:228,31,0,3
BRDA:228,31,1,82
BRDA:229,32,0,82
BRDA:229,32,1,0
BRDA:233,33,0,12
BRDA:233,33,1,73
BRDA:233,34,0,85
BRDA:233,34,1,12
BRDA:236,35,0,1
BRDA:236,35,1,19
BRDA:236,36,0,20
BRDA:236,36,1,1
BRDA:256,37,0,689
BRDA:256,37,1,0
BRDA:257,38,0,102
BRDA:257,38,1,587
BRDA:258,39,0,11
BRDA:258,39,1,91
BRDA:258,40,0,102
BRDA:258,40,1,11
BRDA:267,41,0,514
BRDA:267,41,1,73
BRDA:269,42,0,353
BRDA:269,42,1,161
BRDA:269,43,0,514
BRDA:269,43,1,434
BRDA:269,43,2,116
BRDA:272,44,0,41
BRDA:272,44,1,120
BRDA:272,45,0,161
BRDA:272,45,1,110
BRDA:272,45,2,83
BRDA:272,45,3,72
BRDA:272,45,4,13
BRDA:287,46,0,35
BRDA:287,46,1,38
BRDA:289,47,0,38
BRDA:289,47,1,0
BRDA:289,48,0,38
BRDA:289,48,1,38
BRDA:292,49,0,23
BRDA:292,49,1,15
BRDA:292,50,0,38
BRDA:292,50,1,28
BRDA:314,51,0,150
BRDA:314,51,1,112
BRF:106
BRH:95
end_of_record
